  [1m[36m (2.8ms)[0m  [1mCREATE TABLE "schema_migrations" ("version" varchar NOT NULL) [0m
  [1m[35m (0.3ms)[0m  select sqlite_version(*)
  [1m[36m (3.3ms)[0m  [1mCREATE UNIQUE INDEX "unique_schema_migrations" ON "schema_migrations" ("version")[0m
  [1m[35mActiveRecord::SchemaMigration Load (0.1ms)[0m  SELECT "schema_migrations".* FROM "schema_migrations"
Migrating to CreateIssues (20160225231152)
  [1m[36m (0.1ms)[0m  [1mbegin transaction[0m
  [1m[35m (0.8ms)[0m  CREATE TABLE "issues" ("id" INTEGER PRIMARY KEY AUTOINCREMENT NOT NULL, "title" varchar, "address" varchar, "picture" varchar, "description" text, "created_at" datetime NOT NULL, "updated_at" datetime NOT NULL) 
  [1m[36mSQL (0.4ms)[0m  [1mINSERT INTO "schema_migrations" ("version") VALUES (?)[0m  [["version", "20160225231152"]]
  [1m[35m (3.0ms)[0m  commit transaction
  [1m[36mActiveRecord::SchemaMigration Load (0.1ms)[0m  [1mSELECT "schema_migrations".* FROM "schema_migrations"[0m


Started GET "/" for ::1 at 2016-02-25 20:21:04 -0300
  [1m[36mActiveRecord::SchemaMigration Load (0.2ms)[0m  [1mSELECT "schema_migrations".* FROM "schema_migrations"[0m
Processing by Rails::WelcomeController#index as HTML
  Rendered /Library/Ruby/Gems/2.0.0/gems/railties-4.2.3/lib/rails/templates/rails/welcome/index.html.erb (2.8ms)
Completed 200 OK in 71ms (Views: 30.4ms | ActiveRecord: 0.0ms)


Started GET "/issues" for ::1 at 2016-02-25 20:21:16 -0300
Processing by IssuesController#index as HTML
  [1m[35mIssue Load (0.3ms)[0m  SELECT "issues".* FROM "issues"
  Rendered issues/index.html.erb within layouts/application (3.4ms)
Completed 200 OK in 4274ms (Views: 4268.4ms | ActiveRecord: 0.4ms)


Started GET "/assets/issues.self-e3b0c44298fc1c149afbf4c8996fb92427ae41e4649b934ca495991b7852b855.css?body=1" for ::1 at 2016-02-25 20:21:20 -0300


Started GET "/assets/application.self-e80e8f2318043e8af94dddc2adad5a4f09739a8ebb323b3ab31cd71d45fd9113.css?body=1" for ::1 at 2016-02-25 20:21:20 -0300


Started GET "/assets/scaffolds.self-7e0c0bf5e3a1998fec1f4a3d125e51c6ee06f231773653b8a536d87be3a2c286.css?body=1" for ::1 at 2016-02-25 20:21:20 -0300


Started GET "/assets/issues.self-877aef30ae1b040ab8a3aba4e3e309a11d7f2612f44dde450b5c157aa5f95c05.js?body=1" for ::1 at 2016-02-25 20:21:20 -0300


Started GET "/issues/new" for ::1 at 2016-02-25 20:21:24 -0300
Processing by IssuesController#new as HTML
  Rendered issues/_form.html.erb (143.8ms)
  Rendered issues/new.html.erb within layouts/application (227.1ms)
Completed 200 OK in 259ms (Views: 248.2ms | ActiveRecord: 0.4ms)


Started GET "/issues" for ::1 at 2016-02-25 20:21:28 -0300
Processing by IssuesController#index as HTML
  [1m[36mIssue Load (0.2ms)[0m  [1mSELECT "issues".* FROM "issues"[0m
  Rendered issues/index.html.erb within layouts/application (2.3ms)
Completed 200 OK in 23ms (Views: 22.1ms | ActiveRecord: 0.2ms)


Started GET "/issues" for ::1 at 2016-02-25 20:24:45 -0300
Processing by IssuesController#index as HTML
  [1m[35mIssue Load (0.2ms)[0m  SELECT "issues".* FROM "issues"
  Rendered issues/index.html.erb within layouts/application (1.2ms)
Completed 200 OK in 24ms (Views: 22.6ms | ActiveRecord: 0.2ms)


Started GET "/issues" for ::1 at 2016-02-25 20:25:02 -0300
Processing by IssuesController#index as HTML
  [1m[36mIssue Load (0.2ms)[0m  [1mSELECT "issues".* FROM "issues"[0m
  Rendered issues/index.html.erb within layouts/application (9.2ms)
Completed 200 OK in 31ms (Views: 30.0ms | ActiveRecord: 0.2ms)


Started GET "/issues" for ::1 at 2016-02-25 20:25:24 -0300
Processing by IssuesController#index as HTML
  [1m[35mIssue Load (0.3ms)[0m  SELECT "issues".* FROM "issues"
  Rendered issues/index.html.erb within layouts/application (3.2ms)
Completed 200 OK in 25ms (Views: 23.3ms | ActiveRecord: 0.3ms)


Started GET "/issues" for ::1 at 2016-02-25 20:26:00 -0300
Processing by IssuesController#index as HTML
  [1m[36mIssue Load (0.2ms)[0m  [1mSELECT "issues".* FROM "issues"[0m
  Rendered issues/index.html.erb within layouts/application (9.0ms)
Completed 200 OK in 32ms (Views: 30.3ms | ActiveRecord: 0.2ms)


Started GET "/issues" for ::1 at 2016-02-25 20:26:57 -0300
Processing by IssuesController#index as HTML
  [1m[35mIssue Load (0.2ms)[0m  SELECT "issues".* FROM "issues"
  Rendered issues/index.html.erb within layouts/application (13.0ms)
Completed 200 OK in 34ms (Views: 33.0ms | ActiveRecord: 0.2ms)


Started GET "/issues/new" for ::1 at 2016-02-25 20:26:59 -0300
Processing by IssuesController#new as HTML
  Rendered issues/_form.html.erb (2.9ms)
  Rendered issues/new.html.erb within layouts/application (3.9ms)
Completed 200 OK in 26ms (Views: 25.0ms | ActiveRecord: 0.0ms)


Started POST "/issues" for ::1 at 2016-02-25 20:27:17 -0300
Processing by IssuesController#create as HTML
  Parameters: {"utf8"=>"✓", "authenticity_token"=>"rqLowdyH9dzG97rSqie9/KJLEyRjyS//pOUrzPehMX8Lntdcm1mVH3TGR03u1iHVke1Uyqb1jqNh4N1tEYr3LA==", "issue"=>{"title"=>"Foco de mosquito", "address"=>"Rua 3, 45, santo antonio", "picture"=>"", "description"=>"Muita sujeira na rua."}, "commit"=>"Create Issue"}
  [1m[36m (0.2ms)[0m  [1mbegin transaction[0m
  [1m[35mSQL (0.6ms)[0m  INSERT INTO "issues" ("title", "address", "picture", "description", "created_at", "updated_at") VALUES (?, ?, ?, ?, ?, ?)  [["title", "Foco de mosquito"], ["address", "Rua 3, 45, santo antonio"], ["picture", ""], ["description", "Muita sujeira na rua."], ["created_at", "2016-02-25 23:27:17.449070"], ["updated_at", "2016-02-25 23:27:17.449070"]]
  [1m[36m (9.8ms)[0m  [1mcommit transaction[0m
Redirected to http://localhost:3000/issues/1
Completed 302 Found in 20ms (ActiveRecord: 10.5ms)


Started GET "/issues/1" for ::1 at 2016-02-25 20:27:17 -0300
Processing by IssuesController#show as HTML
  Parameters: {"id"=>"1"}
  [1m[35mIssue Load (0.4ms)[0m  SELECT  "issues".* FROM "issues" WHERE "issues"."id" = ? LIMIT 1  [["id", 1]]
  Rendered issues/show.html.erb within layouts/application (1.6ms)
Completed 200 OK in 164ms (Views: 122.7ms | ActiveRecord: 0.4ms)


Started GET "/issues" for ::1 at 2016-02-25 20:27:19 -0300
Processing by IssuesController#index as HTML
  [1m[36mIssue Load (0.2ms)[0m  [1mSELECT "issues".* FROM "issues"[0m
  Rendered issues/index.html.erb within layouts/application (3.5ms)
Completed 200 OK in 25ms (Views: 23.1ms | ActiveRecord: 0.2ms)


Started DELETE "/issues/1" for ::1 at 2016-02-25 20:28:15 -0300
Processing by IssuesController#destroy as HTML
  Parameters: {"authenticity_token"=>"aJ4m+XFV+DSwLv7bYzj8MgjyT24/GrT9F1BBVpGkUsXNohlkNouY9wIfA0QnyWAbO1QIgPomFaHSVbf3d4+Ulg==", "id"=>"1"}
  [1m[35mIssue Load (0.2ms)[0m  SELECT  "issues".* FROM "issues" WHERE "issues"."id" = ? LIMIT 1  [["id", 1]]
  [1m[36m (0.1ms)[0m  [1mbegin transaction[0m
  [1m[35mSQL (3.1ms)[0m  DELETE FROM "issues" WHERE "issues"."id" = ?  [["id", 1]]
  [1m[36m (52.1ms)[0m  [1mcommit transaction[0m
Redirected to http://localhost:3000/issues
Completed 302 Found in 60ms (ActiveRecord: 55.4ms)


Started GET "/issues" for ::1 at 2016-02-25 20:28:15 -0300
Processing by IssuesController#index as HTML
  [1m[35mIssue Load (0.3ms)[0m  SELECT "issues".* FROM "issues"
  Rendered issues/index.html.erb within layouts/application (1.2ms)
Completed 200 OK in 22ms (Views: 20.6ms | ActiveRecord: 0.3ms)


Started GET "/issues/new" for ::1 at 2016-02-25 20:28:38 -0300
Processing by IssuesController#new as HTML
  Rendered issues/_form.html.erb (2.9ms)
  Rendered issues/new.html.erb within layouts/application (3.9ms)
Completed 200 OK in 25ms (Views: 24.0ms | ActiveRecord: 0.0ms)


Started POST "/issues" for ::1 at 2016-02-25 20:28:48 -0300
Processing by IssuesController#create as HTML
  Parameters: {"utf8"=>"✓", "authenticity_token"=>"utpoIW+8atbcPpYt4k9AEaUIjuNMnzk/iD1Ar7Mf+GMf5le8KGIKFW4Pa7Kmvtw4lq7JDYmjmGNNOLYOVTQ+MA==", "issue"=>{"title"=>"Foco de mosquito", "address"=>"Rua 3, 45, santo antonio", "picture"=>"", "description"=>"Muita sujeira na rua."}, "commit"=>"Create Issue"}
  [1m[36m (0.1ms)[0m  [1mbegin transaction[0m
  [1m[35mSQL (0.5ms)[0m  INSERT INTO "issues" ("title", "address", "picture", "description", "created_at", "updated_at") VALUES (?, ?, ?, ?, ?, ?)  [["title", "Foco de mosquito"], ["address", "Rua 3, 45, santo antonio"], ["picture", ""], ["description", "Muita sujeira na rua."], ["created_at", "2016-02-25 23:28:48.203684"], ["updated_at", "2016-02-25 23:28:48.203684"]]
  [1m[36m (20.5ms)[0m  [1mcommit transaction[0m
Redirected to http://localhost:3000/issues/2
Completed 302 Found in 26ms (ActiveRecord: 21.1ms)


Started GET "/issues/2" for ::1 at 2016-02-25 20:28:48 -0300
Processing by IssuesController#show as HTML
  Parameters: {"id"=>"2"}
  [1m[35mIssue Load (0.2ms)[0m  SELECT  "issues".* FROM "issues" WHERE "issues"."id" = ? LIMIT 1  [["id", 2]]
  Rendered issues/show.html.erb within layouts/application (0.5ms)
Completed 200 OK in 20ms (Views: 18.0ms | ActiveRecord: 0.2ms)


Started GET "/issues" for ::1 at 2016-02-25 20:28:49 -0300
Processing by IssuesController#index as HTML
  [1m[36mIssue Load (0.2ms)[0m  [1mSELECT "issues".* FROM "issues"[0m
  Rendered issues/index.html.erb within layouts/application (3.0ms)
Completed 200 OK in 24ms (Views: 23.3ms | ActiveRecord: 0.2ms)


Started GET "/issues/new" for ::1 at 2016-02-25 20:28:59 -0300
Processing by IssuesController#new as HTML
  Rendered issues/_form.html.erb (3.6ms)
  Rendered issues/new.html.erb within layouts/application (5.2ms)
Completed 200 OK in 24ms (Views: 23.4ms | ActiveRecord: 0.0ms)


Started GET "/issues/new" for ::1 at 2016-02-25 20:29:13 -0300
Processing by IssuesController#new as HTML
  Rendered issues/_form.html.erb (13.2ms)
  Rendered issues/new.html.erb within layouts/application (15.0ms)
Completed 200 OK in 37ms (Views: 36.1ms | ActiveRecord: 0.0ms)


Started GET "/issues/new" for ::1 at 2016-02-25 20:29:57 -0300
Processing by IssuesController#new as HTML
  Rendered issues/_form.html.erb (5.1ms)
  Rendered issues/new.html.erb within layouts/application (6.2ms)
Completed 200 OK in 29ms (Views: 27.1ms | ActiveRecord: 0.0ms)


Started GET "/issues/new" for ::1 at 2016-02-25 20:30:05 -0300
Processing by IssuesController#new as HTML
  Rendered issues/_form.html.erb (4.6ms)
  Rendered issues/new.html.erb within layouts/application (5.7ms)
Completed 200 OK in 28ms (Views: 26.6ms | ActiveRecord: 0.0ms)


Started GET "/issues" for ::1 at 2016-02-25 20:30:07 -0300
Processing by IssuesController#index as HTML
  [1m[35mIssue Load (0.2ms)[0m  SELECT "issues".* FROM "issues"
  Rendered issues/index.html.erb within layouts/application (2.3ms)
Completed 200 OK in 128ms (Views: 126.8ms | ActiveRecord: 0.2ms)


Started GET "/issues" for ::1 at 2016-02-25 20:30:39 -0300
Processing by IssuesController#index as HTML
  [1m[36mIssue Load (0.3ms)[0m  [1mSELECT "issues".* FROM "issues"[0m
  Rendered issues/index.html.erb within layouts/application (3.9ms)
Completed 200 OK in 24ms (Views: 22.6ms | ActiveRecord: 0.3ms)


Started GET "/issues" for ::1 at 2016-02-25 20:31:19 -0300
Processing by IssuesController#index as HTML
  [1m[35mIssue Load (0.2ms)[0m  SELECT "issues".* FROM "issues"
  Rendered issues/index.html.erb within layouts/application (2.2ms)
Completed 200 OK in 23ms (Views: 21.9ms | ActiveRecord: 0.2ms)


Started GET "/issues" for ::1 at 2016-02-25 20:31:27 -0300
Processing by IssuesController#index as HTML
  [1m[36mIssue Load (0.3ms)[0m  [1mSELECT "issues".* FROM "issues"[0m
  Rendered issues/index.html.erb within layouts/application (2.5ms)
Completed 200 OK in 24ms (Views: 22.6ms | ActiveRecord: 0.3ms)


Started GET "/issues/2" for ::1 at 2016-02-25 20:31:30 -0300
Processing by IssuesController#show as HTML
  Parameters: {"id"=>"2"}
  [1m[35mIssue Load (0.1ms)[0m  SELECT  "issues".* FROM "issues" WHERE "issues"."id" = ? LIMIT 1  [["id", 2]]
  Rendered issues/show.html.erb within layouts/application (1.2ms)
Completed 200 OK in 22ms (Views: 20.9ms | ActiveRecord: 0.1ms)


Started GET "/issues/2/edit" for ::1 at 2016-02-25 20:31:32 -0300
Processing by IssuesController#edit as HTML
  Parameters: {"id"=>"2"}
  [1m[36mIssue Load (0.2ms)[0m  [1mSELECT  "issues".* FROM "issues" WHERE "issues"."id" = ? LIMIT 1[0m  [["id", 2]]
  Rendered issues/_form.html.erb (3.9ms)
  Rendered issues/edit.html.erb within layouts/application (6.0ms)
Completed 200 OK in 27ms (Views: 25.2ms | ActiveRecord: 0.2ms)


Started GET "/issues/new" for ::1 at 2016-02-25 20:36:06 -0300
Processing by IssuesController#new as HTML
  Rendered issues/_form.html.erb (3.7ms)
  Rendered issues/new.html.erb within layouts/application (5.3ms)
Completed 200 OK in 28ms (Views: 26.0ms | ActiveRecord: 0.0ms)


Started POST "/issues" for ::1 at 2016-02-25 20:36:50 -0300
Processing by IssuesController#create as HTML
  Parameters: {"utf8"=>"✓", "authenticity_token"=>"PoHlFfwbKryNJ9tIRWurpThFmH4uAs2NgsUP33/n+k2bvdqIu8VKfz8WJtcBmjeMC+PfkOs+bNFHwPl+mcw8Hg==", "issue"=>{"title"=>"Terreno abandonado", "address"=>"Rua 3, 45, santo antonio", "picture"=>"", "description"=>"Muito lixo no terreno abandonado"}, "commit"=>"Salvar"}
  [1m[35m (0.1ms)[0m  begin transaction
  [1m[36mSQL (0.4ms)[0m  [1mINSERT INTO "issues" ("title", "address", "picture", "description", "created_at", "updated_at") VALUES (?, ?, ?, ?, ?, ?)[0m  [["title", "Terreno abandonado"], ["address", "Rua 3, 45, santo antonio"], ["picture", ""], ["description", "Muito lixo no terreno abandonado"], ["created_at", "2016-02-25 23:36:50.531478"], ["updated_at", "2016-02-25 23:36:50.531478"]]
  [1m[35m (4933.2ms)[0m  commit transaction
SQLite3::BusyException: database is locked: commit transaction
  [1m[36m (1.1ms)[0m  [1mrollback transaction[0m
Completed 500 Internal Server Error in 4941ms (ActiveRecord: 4934.8ms)

ActiveRecord::StatementInvalid (SQLite3::BusyException: database is locked: commit transaction):
  app/controllers/issues_controller.rb:30:in `block in create'
  app/controllers/issues_controller.rb:29:in `create'


  Rendered /Library/Ruby/Gems/2.0.0/gems/actionpack-4.2.3/lib/action_dispatch/middleware/templates/rescues/_source.erb (12.9ms)
  Rendered /Library/Ruby/Gems/2.0.0/gems/actionpack-4.2.3/lib/action_dispatch/middleware/templates/rescues/_trace.html.erb (5.3ms)
  Rendered /Library/Ruby/Gems/2.0.0/gems/actionpack-4.2.3/lib/action_dispatch/middleware/templates/rescues/_request_and_response.html.erb (1.4ms)
  Rendered /Library/Ruby/Gems/2.0.0/gems/actionpack-4.2.3/lib/action_dispatch/middleware/templates/rescues/diagnostics.html.erb within rescues/layout (82.8ms)
  Rendered /Library/Ruby/Gems/2.0.0/gems/web-console-2.3.0/lib/web_console/templates/_markup.html.erb (0.8ms)
  Rendered /Library/Ruby/Gems/2.0.0/gems/web-console-2.3.0/lib/web_console/templates/_inner_console_markup.html.erb within layouts/inlined_string (0.4ms)
  Rendered /Library/Ruby/Gems/2.0.0/gems/web-console-2.3.0/lib/web_console/templates/_prompt_box_markup.html.erb within layouts/inlined_string (0.5ms)
  Rendered /Library/Ruby/Gems/2.0.0/gems/web-console-2.3.0/lib/web_console/templates/style.css.erb within layouts/inlined_string (0.5ms)
  Rendered /Library/Ruby/Gems/2.0.0/gems/web-console-2.3.0/lib/web_console/templates/console.js.erb within layouts/javascript (29.8ms)
  Rendered /Library/Ruby/Gems/2.0.0/gems/web-console-2.3.0/lib/web_console/templates/main.js.erb within layouts/javascript (0.4ms)
  Rendered /Library/Ruby/Gems/2.0.0/gems/web-console-2.3.0/lib/web_console/templates/error_page.js.erb within layouts/javascript (0.6ms)
  Rendered /Library/Ruby/Gems/2.0.0/gems/web-console-2.3.0/lib/web_console/templates/index.html.erb (85.5ms)


Started GET "/issues" for ::1 at 2016-02-25 20:37:30 -0300
Processing by IssuesController#index as HTML
  [1m[35mIssue Load (0.2ms)[0m  SELECT "issues".* FROM "issues"
  Rendered issues/index.html.erb within layouts/application (4.9ms)
Completed 200 OK in 26ms (Views: 24.5ms | ActiveRecord: 0.2ms)


Started GET "/issues/new" for ::1 at 2016-02-25 20:37:31 -0300
Processing by IssuesController#new as HTML
  Rendered issues/_form.html.erb (2.6ms)
  Rendered issues/new.html.erb within layouts/application (3.6ms)
Completed 200 OK in 23ms (Views: 21.5ms | ActiveRecord: 0.0ms)


Started POST "/issues" for ::1 at 2016-02-25 20:37:40 -0300
Processing by IssuesController#create as HTML
  Parameters: {"utf8"=>"✓", "authenticity_token"=>"Gr2ZrIWOZRGM09NaikrdEmstY7ABF4TJ1lojSac3iVq/gaYxwlAF0j7iLsXOu0E7WIskXsQrJZUTX9XoQRxPCQ==", "issue"=>{"title"=>"Terreno abandonado", "address"=>"Rua 3, 45, santo antonio", "picture"=>"", "description"=>"Terreno tem muito lixo."}, "commit"=>"Salvar"}
  [1m[36m (0.1ms)[0m  [1mbegin transaction[0m
  [1m[35mSQL (0.4ms)[0m  INSERT INTO "issues" ("title", "address", "picture", "description", "created_at", "updated_at") VALUES (?, ?, ?, ?, ?, ?)  [["title", "Terreno abandonado"], ["address", "Rua 3, 45, santo antonio"], ["picture", ""], ["description", "Terreno tem muito lixo."], ["created_at", "2016-02-25 23:37:40.959389"], ["updated_at", "2016-02-25 23:37:40.959389"]]
  [1m[36m (4940.6ms)[0m  [1mcommit transaction[0m
SQLite3::BusyException: database is locked: commit transaction
  [1m[35m (0.9ms)[0m  rollback transaction
Completed 500 Internal Server Error in 4947ms (ActiveRecord: 4942.1ms)

ActiveRecord::StatementInvalid (SQLite3::BusyException: database is locked: commit transaction):
  app/controllers/issues_controller.rb:30:in `block in create'
  app/controllers/issues_controller.rb:29:in `create'


  Rendered /Library/Ruby/Gems/2.0.0/gems/actionpack-4.2.3/lib/action_dispatch/middleware/templates/rescues/_source.erb (10.9ms)
  Rendered /Library/Ruby/Gems/2.0.0/gems/actionpack-4.2.3/lib/action_dispatch/middleware/templates/rescues/_trace.html.erb (3.7ms)
  Rendered /Library/Ruby/Gems/2.0.0/gems/actionpack-4.2.3/lib/action_dispatch/middleware/templates/rescues/_request_and_response.html.erb (1.4ms)
  Rendered /Library/Ruby/Gems/2.0.0/gems/actionpack-4.2.3/lib/action_dispatch/middleware/templates/rescues/diagnostics.html.erb within rescues/layout (34.5ms)
  Rendered /Library/Ruby/Gems/2.0.0/gems/web-console-2.3.0/lib/web_console/templates/_markup.html.erb (0.5ms)
  Rendered /Library/Ruby/Gems/2.0.0/gems/web-console-2.3.0/lib/web_console/templates/_inner_console_markup.html.erb within layouts/inlined_string (0.6ms)
  Rendered /Library/Ruby/Gems/2.0.0/gems/web-console-2.3.0/lib/web_console/templates/_prompt_box_markup.html.erb within layouts/inlined_string (0.3ms)
  Rendered /Library/Ruby/Gems/2.0.0/gems/web-console-2.3.0/lib/web_console/templates/style.css.erb within layouts/inlined_string (0.6ms)
  Rendered /Library/Ruby/Gems/2.0.0/gems/web-console-2.3.0/lib/web_console/templates/console.js.erb within layouts/javascript (21.9ms)
  Rendered /Library/Ruby/Gems/2.0.0/gems/web-console-2.3.0/lib/web_console/templates/main.js.erb within layouts/javascript (0.4ms)
  Rendered /Library/Ruby/Gems/2.0.0/gems/web-console-2.3.0/lib/web_console/templates/error_page.js.erb within layouts/javascript (0.7ms)
  Rendered /Library/Ruby/Gems/2.0.0/gems/web-console-2.3.0/lib/web_console/templates/index.html.erb (45.2ms)


Started GET "/issues" for ::1 at 2016-02-25 20:38:02 -0300
Processing by IssuesController#index as HTML
  [1m[36mIssue Load (0.2ms)[0m  [1mSELECT "issues".* FROM "issues"[0m
  Rendered issues/index.html.erb within layouts/application (3.2ms)
Completed 200 OK in 25ms (Views: 23.0ms | ActiveRecord: 0.2ms)


Started GET "/issues/new" for ::1 at 2016-02-25 20:38:03 -0300
Processing by IssuesController#new as HTML
  Rendered issues/_form.html.erb (3.4ms)
  Rendered issues/new.html.erb within layouts/application (5.1ms)
Completed 200 OK in 27ms (Views: 26.0ms | ActiveRecord: 0.0ms)


Started POST "/issues" for ::1 at 2016-02-25 20:38:10 -0300
Processing by IssuesController#create as HTML
  Parameters: {"utf8"=>"✓", "authenticity_token"=>"DLWc31T/OrghtOWpmRyBQQ4yDGs97H1zuDuxNid3lvqpiaNCEyFae5OFGDbd7R1oPZRLhfjQ3C99PkeXwVxQqQ==", "issue"=>{"title"=>"Terreno abandonado", "address"=>"Rua 3, 45, santo antonio", "picture"=>"", "description"=>"muinfiqufbq"}, "commit"=>"Salvar"}
  [1m[35m (0.1ms)[0m  begin transaction
  [1m[36mSQL (0.4ms)[0m  [1mINSERT INTO "issues" ("title", "address", "picture", "description", "created_at", "updated_at") VALUES (?, ?, ?, ?, ?, ?)[0m  [["title", "Terreno abandonado"], ["address", "Rua 3, 45, santo antonio"], ["picture", ""], ["description", "muinfiqufbq"], ["created_at", "2016-02-25 23:38:10.351983"], ["updated_at", "2016-02-25 23:38:10.351983"]]
  [1m[35m (2.7ms)[0m  commit transaction
Redirected to http://localhost:3000/issues/3
Completed 302 Found in 8ms (ActiveRecord: 3.2ms)


Started GET "/issues/3" for ::1 at 2016-02-25 20:38:10 -0300
Processing by IssuesController#show as HTML
  Parameters: {"id"=>"3"}
  [1m[36mIssue Load (0.2ms)[0m  [1mSELECT  "issues".* FROM "issues" WHERE "issues"."id" = ? LIMIT 1[0m  [["id", 3]]
  Rendered issues/show.html.erb within layouts/application (1.5ms)
Completed 200 OK in 23ms (Views: 21.3ms | ActiveRecord: 0.2ms)


Started GET "/issues" for ::1 at 2016-02-25 20:38:11 -0300
Processing by IssuesController#index as HTML
  [1m[35mIssue Load (0.2ms)[0m  SELECT "issues".* FROM "issues"
  Rendered issues/index.html.erb within layouts/application (3.5ms)
Completed 200 OK in 26ms (Views: 23.8ms | ActiveRecord: 0.2ms)


Started GET "/issues/new" for ::1 at 2016-02-25 20:40:39 -0300
Processing by IssuesController#new as HTML
  Rendered issues/_form.html.erb (2.6ms)
  Rendered issues/new.html.erb within layouts/application (3.7ms)
Completed 200 OK in 25ms (Views: 23.5ms | ActiveRecord: 0.0ms)


Started POST "/issues" for ::1 at 2016-02-25 20:40:42 -0300
Processing by IssuesController#create as HTML
  Parameters: {"utf8"=>"✓", "authenticity_token"=>"uPE9Htu3Zw/Ud2pDliTMnZ8upcZn5/LyhSTYwW1VS3odzQKDnGkHzGZGl9zS1VC0rIjiKKLbU65AIS5gi36NKQ==", "issue"=>{"title"=>"iu", "address"=>"iubiu", "picture"=>"", "description"=>"iouoiuv"}, "commit"=>"Salvar"}
  [1m[36m (0.1ms)[0m  [1mbegin transaction[0m
  [1m[35mSQL (0.4ms)[0m  INSERT INTO "issues" ("title", "address", "picture", "description", "created_at", "updated_at") VALUES (?, ?, ?, ?, ?, ?)  [["title", "iu"], ["address", "iubiu"], ["picture", ""], ["description", "iouoiuv"], ["created_at", "2016-02-25 23:40:42.874195"], ["updated_at", "2016-02-25 23:40:42.874195"]]
  [1m[36m (36.9ms)[0m  [1mcommit transaction[0m
Redirected to http://localhost:3000/issues/4
Completed 302 Found in 43ms (ActiveRecord: 37.4ms)


Started GET "/issues/4" for ::1 at 2016-02-25 20:40:42 -0300
Processing by IssuesController#show as HTML
  Parameters: {"id"=>"4"}
  [1m[35mIssue Load (0.2ms)[0m  SELECT  "issues".* FROM "issues" WHERE "issues"."id" = ? LIMIT 1  [["id", 4]]
  Rendered issues/show.html.erb within layouts/application (0.7ms)
Completed 200 OK in 22ms (Views: 20.3ms | ActiveRecord: 0.2ms)


Started GET "/issues/4" for ::1 at 2016-02-25 20:41:40 -0300
Processing by IssuesController#show as HTML
  Parameters: {"id"=>"4"}
  [1m[36mIssue Load (0.2ms)[0m  [1mSELECT  "issues".* FROM "issues" WHERE "issues"."id" = ? LIMIT 1[0m  [["id", 4]]
  Rendered issues/show.html.erb within layouts/application (0.7ms)
Completed 200 OK in 33ms (Views: 18.5ms | ActiveRecord: 0.8ms)


Started GET "/issues/4/edit" for ::1 at 2016-02-25 20:41:43 -0300
Processing by IssuesController#edit as HTML
  Parameters: {"id"=>"4"}
  [1m[35mIssue Load (0.2ms)[0m  SELECT  "issues".* FROM "issues" WHERE "issues"."id" = ? LIMIT 1  [["id", 4]]
  Rendered issues/_form.html.erb (3.8ms)
  Rendered issues/edit.html.erb within layouts/application (5.0ms)
Completed 200 OK in 25ms (Views: 23.4ms | ActiveRecord: 0.1ms)


Started PATCH "/issues/4" for ::1 at 2016-02-25 20:41:44 -0300
Processing by IssuesController#update as HTML
  Parameters: {"utf8"=>"✓", "authenticity_token"=>"Rt2UgdzwepyIRSl6rc8SsKLuuFl6wc6L9Suh+pxHQ+Hj4ascmy4aXzp01OXpPo6ZkUj/t7/9b9cwLldbemyFsg==", "issue"=>{"title"=>"iu", "address"=>"iubiu", "picture"=>"", "description"=>"iouoiuv"}, "commit"=>"Salvar", "id"=>"4"}
  [1m[36mIssue Load (0.2ms)[0m  [1mSELECT  "issues".* FROM "issues" WHERE "issues"."id" = ? LIMIT 1[0m  [["id", 4]]
  [1m[35m (0.1ms)[0m  begin transaction
  [1m[36m (0.1ms)[0m  [1mcommit transaction[0m
Redirected to http://localhost:3000/issues/4
Completed 302 Found in 4ms (ActiveRecord: 0.3ms)


Started GET "/issues/4" for ::1 at 2016-02-25 20:41:44 -0300
Processing by IssuesController#show as HTML
  Parameters: {"id"=>"4"}
  [1m[35mIssue Load (0.1ms)[0m  SELECT  "issues".* FROM "issues" WHERE "issues"."id" = ? LIMIT 1  [["id", 4]]
  Rendered issues/show.html.erb within layouts/application (0.6ms)
Completed 200 OK in 21ms (Views: 19.6ms | ActiveRecord: 0.1ms)


Started GET "/issues/4" for ::1 at 2016-02-25 20:41:58 -0300
Processing by IssuesController#show as HTML
  Parameters: {"id"=>"4"}
  [1m[36mIssue Load (0.2ms)[0m  [1mSELECT  "issues".* FROM "issues" WHERE "issues"."id" = ? LIMIT 1[0m  [["id", 4]]
  Rendered issues/show.html.erb within layouts/application (1.1ms)
Completed 200 OK in 38ms (Views: 22.6ms | ActiveRecord: 1.0ms)


Started GET "/issues/4/edit" for ::1 at 2016-02-25 20:42:00 -0300
Processing by IssuesController#edit as HTML
  Parameters: {"id"=>"4"}
  [1m[35mIssue Load (0.2ms)[0m  SELECT  "issues".* FROM "issues" WHERE "issues"."id" = ? LIMIT 1  [["id", 4]]
  Rendered issues/_form.html.erb (3.5ms)
  Rendered issues/edit.html.erb within layouts/application (4.8ms)
Completed 200 OK in 26ms (Views: 24.0ms | ActiveRecord: 0.2ms)


Started GET "/issues" for ::1 at 2016-02-25 20:42:03 -0300
Processing by IssuesController#index as HTML
  [1m[36mIssue Load (0.2ms)[0m  [1mSELECT "issues".* FROM "issues"[0m
  Rendered issues/index.html.erb within layouts/application (2.7ms)
Completed 200 OK in 23ms (Views: 21.5ms | ActiveRecord: 0.2ms)


Started GET "/issues/new" for ::1 at 2016-02-25 20:42:05 -0300
Processing by IssuesController#new as HTML
  Rendered issues/_form.html.erb (2.9ms)
  Rendered issues/new.html.erb within layouts/application (3.9ms)
Completed 200 OK in 27ms (Views: 26.3ms | ActiveRecord: 0.0ms)


Started POST "/issues" for ::1 at 2016-02-25 20:42:15 -0300
Processing by IssuesController#create as HTML
  Parameters: {"utf8"=>"✓", "authenticity_token"=>"n8D0vVBlNciFidj+1gvuPL4roeDz3JXOYJUcQFiWZJo6/MsgF7tVCze4JWGS+nIVjY3mDjbgNJKlkOrhvr2iyQ==", "issue"=>{"title"=>"kbunoiu", "address"=>"iugiuogbo", "picture"=>"oiuhnonho", "description"=>"hmpoi"}, "commit"=>"Salvar"}
  [1m[35m (0.1ms)[0m  begin transaction
  [1m[36mSQL (0.5ms)[0m  [1mINSERT INTO "issues" ("title", "address", "picture", "description", "created_at", "updated_at") VALUES (?, ?, ?, ?, ?, ?)[0m  [["title", "kbunoiu"], ["address", "iugiuogbo"], ["picture", "oiuhnonho"], ["description", "hmpoi"], ["created_at", "2016-02-25 23:42:15.066600"], ["updated_at", "2016-02-25 23:42:15.066600"]]
  [1m[35m (7.5ms)[0m  commit transaction
Redirected to http://localhost:3000/issues/5
Completed 302 Found in 13ms (ActiveRecord: 8.1ms)


Started GET "/issues/5" for ::1 at 2016-02-25 20:42:15 -0300
Processing by IssuesController#show as HTML
  Parameters: {"id"=>"5"}
  [1m[36mIssue Load (0.2ms)[0m  [1mSELECT  "issues".* FROM "issues" WHERE "issues"."id" = ? LIMIT 1[0m  [["id", 5]]
  Rendered issues/show.html.erb within layouts/application (0.5ms)
Completed 200 OK in 21ms (Views: 19.7ms | ActiveRecord: 0.2ms)


Started GET "/issues" for ::1 at 2016-02-25 20:42:17 -0300
Processing by IssuesController#index as HTML
  [1m[35mIssue Load (0.2ms)[0m  SELECT "issues".* FROM "issues"
  Rendered issues/index.html.erb within layouts/application (3.2ms)
Completed 200 OK in 23ms (Views: 21.3ms | ActiveRecord: 0.2ms)


Started GET "/issues" for ::1 at 2016-02-25 20:42:36 -0300
Processing by IssuesController#index as HTML
  [1m[36mIssue Load (0.4ms)[0m  [1mSELECT "issues".* FROM "issues"[0m
  Rendered issues/index.html.erb within layouts/application (14.2ms)
Completed 200 OK in 149ms (Views: 144.7ms | ActiveRecord: 0.8ms)


Started DELETE "/issues/5" for ::1 at 2016-02-25 20:43:26 -0300
Processing by IssuesController#destroy as HTML
  Parameters: {"authenticity_token"=>"xiBNrsx4Y3R+ABl95RUNTkKegLLy8AFXSyY0p17tOKpjHHIzi6YDt8wx5OKh5JFncTjHXDfMoAuOI8IGuMb++Q==", "id"=>"5"}
  [1m[35mIssue Load (0.3ms)[0m  SELECT  "issues".* FROM "issues" WHERE "issues"."id" = ? LIMIT 1  [["id", 5]]
  [1m[36m (0.1ms)[0m  [1mbegin transaction[0m
  [1m[35mSQL (0.4ms)[0m  DELETE FROM "issues" WHERE "issues"."id" = ?  [["id", 5]]
  [1m[36m (2.7ms)[0m  [1mcommit transaction[0m
Redirected to http://localhost:3000/issues
Completed 302 Found in 8ms (ActiveRecord: 3.5ms)


Started GET "/issues" for ::1 at 2016-02-25 20:43:26 -0300
Processing by IssuesController#index as HTML
  [1m[35mIssue Load (0.3ms)[0m  SELECT "issues".* FROM "issues"
  Rendered issues/index.html.erb within layouts/application (3.2ms)
Completed 200 OK in 25ms (Views: 24.1ms | ActiveRecord: 0.2ms)


Started DELETE "/issues/4" for ::1 at 2016-02-25 20:43:29 -0300
Processing by IssuesController#destroy as HTML
  Parameters: {"authenticity_token"=>"WNFYrg+Y8tT8LtGskwoEc7BGDPZcqNFMQebkmLGkZ8D97WczSEaSF04fLDPX+5hag+BLGJmUcBCE4xI5V4+hkw==", "id"=>"4"}
  [1m[36mIssue Load (0.2ms)[0m  [1mSELECT  "issues".* FROM "issues" WHERE "issues"."id" = ? LIMIT 1[0m  [["id", 4]]
  [1m[35m (0.1ms)[0m  begin transaction
  [1m[36mSQL (0.4ms)[0m  [1mDELETE FROM "issues" WHERE "issues"."id" = ?[0m  [["id", 4]]
  [1m[35m (53.1ms)[0m  commit transaction
Redirected to http://localhost:3000/issues
Completed 302 Found in 57ms (ActiveRecord: 53.8ms)


Started GET "/issues" for ::1 at 2016-02-25 20:43:29 -0300
Processing by IssuesController#index as HTML
  [1m[36mIssue Load (0.3ms)[0m  [1mSELECT "issues".* FROM "issues"[0m
  Rendered issues/index.html.erb within layouts/application (2.3ms)
Completed 200 OK in 24ms (Views: 23.4ms | ActiveRecord: 0.3ms)


Started GET "/issues" for ::1 at 2016-02-25 20:54:32 -0300
Processing by IssuesController#index as HTML
  [1m[35mIssue Load (0.2ms)[0m  SELECT "issues".* FROM "issues"
  Rendered issues/index.html.erb within layouts/application (2.4ms)
Completed 200 OK in 24ms (Views: 22.6ms | ActiveRecord: 0.2ms)


Started GET "/issues/new" for ::1 at 2016-02-25 20:54:41 -0300
Processing by IssuesController#new as HTML
  Rendered issues/_form.html.erb (77.9ms)
  Rendered issues/new.html.erb within layouts/application (79.4ms)
Completed 200 OK in 101ms (Views: 99.8ms | ActiveRecord: 0.0ms)


Started POST "/issues" for ::1 at 2016-02-25 20:54:54 -0300
Processing by IssuesController#create as HTML
  Parameters: {"utf8"=>"✓", "authenticity_token"=>"eiVNzOw6dtvDPYzZ+VjERGoVeT8gA0Bd7xcGaKbP207fGXJRq+QWGHEMcUa9qVhtWbM+0eU/4QEqEvDJQOQdHQ==", "issue"=>{"title"=>"kjb iub", "address"=>"unoiu", "picture"=>#<ActionDispatch::Http::UploadedFile:0x007fd61a553758 @tempfile=#<Tempfile:/var/folders/zz/zyxvpxvq6csfxvn_n0000000000000/T/RackMultipart20160225-655-qtblkq.jpg>, @original_filename="geladeira-5.jpg", @content_type="image/jpeg", @headers="Content-Disposition: form-data; name=\"issue[picture]\"; filename=\"geladeira-5.jpg\"\r\nContent-Type: image/jpeg\r\n">, "description"=>"hb kjhvuyv"}, "commit"=>"Salvar"}
  [1m[36m (0.1ms)[0m  [1mbegin transaction[0m
  [1m[35mSQL (0.5ms)[0m  INSERT INTO "issues" ("title", "address", "picture", "description", "created_at", "updated_at") VALUES (?, ?, ?, ?, ?, ?)  [["title", "kjb iub"], ["address", "unoiu"], ["picture", "#<ActionDispatch::Http::UploadedFile:0x007fd61a553758>"], ["description", "hb kjhvuyv"], ["created_at", "2016-02-25 23:54:54.501290"], ["updated_at", "2016-02-25 23:54:54.501290"]]
  [1m[36m (9.4ms)[0m  [1mcommit transaction[0m
Redirected to http://localhost:3000/issues/6
Completed 302 Found in 16ms (ActiveRecord: 10.0ms)


Started GET "/issues/6" for ::1 at 2016-02-25 20:54:54 -0300
Processing by IssuesController#show as HTML
  Parameters: {"id"=>"6"}
  [1m[35mIssue Load (0.2ms)[0m  SELECT  "issues".* FROM "issues" WHERE "issues"."id" = ? LIMIT 1  [["id", 6]]
  Rendered issues/show.html.erb within layouts/application (2.6ms)
Completed 500 Internal Server Error in 6ms (ActiveRecord: 0.2ms)

ActionView::Template::Error (undefined method `picture' for nil:NilClass):
    12: 
    13: <p>
    14:   <strong>Imagem:</strong>
    15:   <%= image_tag(@idea.picture_url, :width => 370) if @idea.picture.present? %>
    16: 
    17: </p>
    18: 
  app/views/issues/show.html.erb:15:in `_app_views_issues_show_html_erb__3868502371413492858_70278770935900'


  Rendered /Library/Ruby/Gems/2.0.0/gems/actionpack-4.2.3/lib/action_dispatch/middleware/templates/rescues/_source.erb (10.1ms)
  Rendered /Library/Ruby/Gems/2.0.0/gems/actionpack-4.2.3/lib/action_dispatch/middleware/templates/rescues/_trace.html.erb (4.1ms)
  Rendered /Library/Ruby/Gems/2.0.0/gems/actionpack-4.2.3/lib/action_dispatch/middleware/templates/rescues/_request_and_response.html.erb (1.3ms)
  Rendered /Library/Ruby/Gems/2.0.0/gems/actionpack-4.2.3/lib/action_dispatch/middleware/templates/rescues/template_error.html.erb within rescues/layout (40.8ms)
  Rendered /Library/Ruby/Gems/2.0.0/gems/web-console-2.3.0/lib/web_console/templates/_markup.html.erb (0.7ms)
  Rendered /Library/Ruby/Gems/2.0.0/gems/web-console-2.3.0/lib/web_console/templates/_inner_console_markup.html.erb within layouts/inlined_string (0.5ms)
  Rendered /Library/Ruby/Gems/2.0.0/gems/web-console-2.3.0/lib/web_console/templates/_prompt_box_markup.html.erb within layouts/inlined_string (0.5ms)
  Rendered /Library/Ruby/Gems/2.0.0/gems/web-console-2.3.0/lib/web_console/templates/style.css.erb within layouts/inlined_string (0.5ms)
  Rendered /Library/Ruby/Gems/2.0.0/gems/web-console-2.3.0/lib/web_console/templates/console.js.erb within layouts/javascript (27.8ms)
  Rendered /Library/Ruby/Gems/2.0.0/gems/web-console-2.3.0/lib/web_console/templates/main.js.erb within layouts/javascript (0.4ms)
  Rendered /Library/Ruby/Gems/2.0.0/gems/web-console-2.3.0/lib/web_console/templates/error_page.js.erb within layouts/javascript (0.7ms)
  Rendered /Library/Ruby/Gems/2.0.0/gems/web-console-2.3.0/lib/web_console/templates/index.html.erb (63.4ms)


Started GET "/issues/6" for ::1 at 2016-02-25 20:55:30 -0300
Processing by IssuesController#show as HTML
  Parameters: {"id"=>"6"}
  [1m[36mIssue Load (0.2ms)[0m  [1mSELECT  "issues".* FROM "issues" WHERE "issues"."id" = ? LIMIT 1[0m  [["id", 6]]
  Rendered issues/show.html.erb within layouts/application (4.4ms)
Completed 500 Internal Server Error in 10ms (ActiveRecord: 0.2ms)

ActionView::Template::Error (undefined method `picture_url' for #<Issue:0x007fd61a3b0248>):
    12: 
    13: <p>
    14:   <strong>Imagem:</strong>
    15:   <%= image_tag(@issue.picture_url, :width => 370) if @issue.picture.present? %>
    16: 
    17: </p>
    18: 
  app/views/issues/show.html.erb:15:in `_app_views_issues_show_html_erb__3868502371413492858_70278769922940'


  Rendered /Library/Ruby/Gems/2.0.0/gems/actionpack-4.2.3/lib/action_dispatch/middleware/templates/rescues/_source.erb (10.1ms)
  Rendered /Library/Ruby/Gems/2.0.0/gems/actionpack-4.2.3/lib/action_dispatch/middleware/templates/rescues/_trace.html.erb (3.8ms)
  Rendered /Library/Ruby/Gems/2.0.0/gems/actionpack-4.2.3/lib/action_dispatch/middleware/templates/rescues/_request_and_response.html.erb (1.2ms)
  Rendered /Library/Ruby/Gems/2.0.0/gems/actionpack-4.2.3/lib/action_dispatch/middleware/templates/rescues/template_error.html.erb within rescues/layout (31.1ms)
  Rendered /Library/Ruby/Gems/2.0.0/gems/web-console-2.3.0/lib/web_console/templates/_markup.html.erb (0.6ms)
  Rendered /Library/Ruby/Gems/2.0.0/gems/web-console-2.3.0/lib/web_console/templates/_inner_console_markup.html.erb within layouts/inlined_string (0.4ms)
  Rendered /Library/Ruby/Gems/2.0.0/gems/web-console-2.3.0/lib/web_console/templates/_prompt_box_markup.html.erb within layouts/inlined_string (0.3ms)
  Rendered /Library/Ruby/Gems/2.0.0/gems/web-console-2.3.0/lib/web_console/templates/style.css.erb within layouts/inlined_string (0.4ms)
  Rendered /Library/Ruby/Gems/2.0.0/gems/web-console-2.3.0/lib/web_console/templates/console.js.erb within layouts/javascript (19.8ms)
  Rendered /Library/Ruby/Gems/2.0.0/gems/web-console-2.3.0/lib/web_console/templates/main.js.erb within layouts/javascript (0.4ms)
  Rendered /Library/Ruby/Gems/2.0.0/gems/web-console-2.3.0/lib/web_console/templates/error_page.js.erb within layouts/javascript (0.5ms)
  Rendered /Library/Ruby/Gems/2.0.0/gems/web-console-2.3.0/lib/web_console/templates/index.html.erb (42.0ms)


Started GET "/" for ::1 at 2016-02-25 20:56:05 -0300
Processing by Rails::WelcomeController#index as HTML
  Rendered /Library/Ruby/Gems/2.0.0/gems/railties-4.2.3/lib/rails/templates/rails/welcome/index.html.erb (0.1ms)
Completed 200 OK in 3ms (Views: 1.8ms | ActiveRecord: 0.0ms)


Started GET "/issues" for ::1 at 2016-02-25 20:56:09 -0300
Processing by IssuesController#index as HTML
  [1m[35mIssue Load (0.3ms)[0m  SELECT "issues".* FROM "issues"
  Rendered issues/index.html.erb within layouts/application (3.8ms)
Completed 200 OK in 25ms (Views: 23.4ms | ActiveRecord: 0.3ms)


Started GET "/issues/new" for ::1 at 2016-02-25 20:56:11 -0300
Processing by IssuesController#new as HTML
  Rendered issues/_form.html.erb (3.2ms)
  Rendered issues/new.html.erb within layouts/application (4.3ms)
Completed 200 OK in 23ms (Views: 22.3ms | ActiveRecord: 0.0ms)


Started POST "/issues" for ::1 at 2016-02-25 20:56:20 -0300
Processing by IssuesController#create as HTML
  Parameters: {"utf8"=>"✓", "authenticity_token"=>"skBC6UFlocMxq/tsgdiOr4BZMgYjj2QuG0LOCOpLJbYXfH10BrvBAIOaBvPFKRKGs/916OazxXLeRzipDGDj5Q==", "issue"=>{"title"=>"lnuh", "address"=>"unoiun", "picture"=>#<ActionDispatch::Http::UploadedFile:0x007fd6168206b0 @tempfile=#<Tempfile:/var/folders/zz/zyxvpxvq6csfxvn_n0000000000000/T/RackMultipart20160225-655-1s4pqbd.jpg>, @original_filename="geladeira-5.jpg", @content_type="image/jpeg", @headers="Content-Disposition: form-data; name=\"issue[picture]\"; filename=\"geladeira-5.jpg\"\r\nContent-Type: image/jpeg\r\n">, "description"=>"jn lp"}, "commit"=>"Salvar"}
  [1m[36m (0.1ms)[0m  [1mbegin transaction[0m
  [1m[35mSQL (0.4ms)[0m  INSERT INTO "issues" ("title", "address", "picture", "description", "created_at", "updated_at") VALUES (?, ?, ?, ?, ?, ?)  [["title", "lnuh"], ["address", "unoiun"], ["picture", "#<ActionDispatch::Http::UploadedFile:0x007fd6168206b0>"], ["description", "jn lp"], ["created_at", "2016-02-25 23:56:20.546819"], ["updated_at", "2016-02-25 23:56:20.546819"]]
  [1m[36m (2.9ms)[0m  [1mcommit transaction[0m
Redirected to http://localhost:3000/issues/7
Completed 302 Found in 9ms (ActiveRecord: 3.4ms)


Started GET "/issues/7" for ::1 at 2016-02-25 20:56:20 -0300
Processing by IssuesController#show as HTML
  Parameters: {"id"=>"7"}
  [1m[35mIssue Load (0.2ms)[0m  SELECT  "issues".* FROM "issues" WHERE "issues"."id" = ? LIMIT 1  [["id", 7]]
  Rendered issues/show.html.erb within layouts/application (3.1ms)
Completed 500 Internal Server Error in 8ms (ActiveRecord: 0.2ms)

ActionView::Template::Error (undefined method `picture' for nil:NilClass):
    12: 
    13: <p>
    14:   <strong>Imagem:</strong>
    15:   <%= image_tag(@idea.picture_url, :width => 370) if @idea.picture.present? %>
    16: 
    17: </p>
    18: 
  app/views/issues/show.html.erb:15:in `_app_views_issues_show_html_erb__3868502371413492858_70278751372660'


  Rendered /Library/Ruby/Gems/2.0.0/gems/actionpack-4.2.3/lib/action_dispatch/middleware/templates/rescues/_source.erb (9.9ms)
  Rendered /Library/Ruby/Gems/2.0.0/gems/actionpack-4.2.3/lib/action_dispatch/middleware/templates/rescues/_trace.html.erb (3.8ms)
  Rendered /Library/Ruby/Gems/2.0.0/gems/actionpack-4.2.3/lib/action_dispatch/middleware/templates/rescues/_request_and_response.html.erb (1.2ms)
  Rendered /Library/Ruby/Gems/2.0.0/gems/actionpack-4.2.3/lib/action_dispatch/middleware/templates/rescues/template_error.html.erb within rescues/layout (30.8ms)
  Rendered /Library/Ruby/Gems/2.0.0/gems/web-console-2.3.0/lib/web_console/templates/_markup.html.erb (0.5ms)
  Rendered /Library/Ruby/Gems/2.0.0/gems/web-console-2.3.0/lib/web_console/templates/_inner_console_markup.html.erb within layouts/inlined_string (0.3ms)
  Rendered /Library/Ruby/Gems/2.0.0/gems/web-console-2.3.0/lib/web_console/templates/_prompt_box_markup.html.erb within layouts/inlined_string (0.3ms)
  Rendered /Library/Ruby/Gems/2.0.0/gems/web-console-2.3.0/lib/web_console/templates/style.css.erb within layouts/inlined_string (98.5ms)
  Rendered /Library/Ruby/Gems/2.0.0/gems/web-console-2.3.0/lib/web_console/templates/console.js.erb within layouts/javascript (117.8ms)
  Rendered /Library/Ruby/Gems/2.0.0/gems/web-console-2.3.0/lib/web_console/templates/main.js.erb within layouts/javascript (0.4ms)
  Rendered /Library/Ruby/Gems/2.0.0/gems/web-console-2.3.0/lib/web_console/templates/error_page.js.erb within layouts/javascript (0.6ms)
  Rendered /Library/Ruby/Gems/2.0.0/gems/web-console-2.3.0/lib/web_console/templates/index.html.erb (140.0ms)


Started GET "/issues/7" for ::1 at 2016-02-25 20:56:44 -0300
Processing by IssuesController#show as HTML
  Parameters: {"id"=>"7"}
  [1m[36mIssue Load (0.2ms)[0m  [1mSELECT  "issues".* FROM "issues" WHERE "issues"."id" = ? LIMIT 1[0m  [["id", 7]]
  Rendered issues/show.html.erb within layouts/application (5.5ms)
Completed 500 Internal Server Error in 11ms (ActiveRecord: 0.2ms)

ActionView::Template::Error (undefined method `picture_url' for #<Issue:0x007fd616f105d8>):
    12: 
    13: <p>
    14:   <strong>Imagem:</strong>
    15:   <%= image_tag(@issue.picture_url, :width => 370) if @issue.picture.present? %>
    16: 
    17: </p>
    18: 
  app/views/issues/show.html.erb:15:in `_app_views_issues_show_html_erb__3868502371413492858_70278742515660'


  Rendered /Library/Ruby/Gems/2.0.0/gems/actionpack-4.2.3/lib/action_dispatch/middleware/templates/rescues/_source.erb (10.0ms)
  Rendered /Library/Ruby/Gems/2.0.0/gems/actionpack-4.2.3/lib/action_dispatch/middleware/templates/rescues/_trace.html.erb (3.8ms)
  Rendered /Library/Ruby/Gems/2.0.0/gems/actionpack-4.2.3/lib/action_dispatch/middleware/templates/rescues/_request_and_response.html.erb (1.2ms)
  Rendered /Library/Ruby/Gems/2.0.0/gems/actionpack-4.2.3/lib/action_dispatch/middleware/templates/rescues/template_error.html.erb within rescues/layout (31.2ms)
  Rendered /Library/Ruby/Gems/2.0.0/gems/web-console-2.3.0/lib/web_console/templates/_markup.html.erb (0.4ms)
  Rendered /Library/Ruby/Gems/2.0.0/gems/web-console-2.3.0/lib/web_console/templates/_inner_console_markup.html.erb within layouts/inlined_string (0.5ms)
  Rendered /Library/Ruby/Gems/2.0.0/gems/web-console-2.3.0/lib/web_console/templates/_prompt_box_markup.html.erb within layouts/inlined_string (0.4ms)
  Rendered /Library/Ruby/Gems/2.0.0/gems/web-console-2.3.0/lib/web_console/templates/style.css.erb within layouts/inlined_string (0.5ms)
  Rendered /Library/Ruby/Gems/2.0.0/gems/web-console-2.3.0/lib/web_console/templates/console.js.erb within layouts/javascript (116.1ms)
  Rendered /Library/Ruby/Gems/2.0.0/gems/web-console-2.3.0/lib/web_console/templates/main.js.erb within layouts/javascript (0.5ms)
  Rendered /Library/Ruby/Gems/2.0.0/gems/web-console-2.3.0/lib/web_console/templates/error_page.js.erb within layouts/javascript (0.6ms)
  Rendered /Library/Ruby/Gems/2.0.0/gems/web-console-2.3.0/lib/web_console/templates/index.html.erb (139.1ms)


Started GET "/issues/7" for ::1 at 2016-02-25 20:56:55 -0300
Processing by IssuesController#show as HTML
  Parameters: {"id"=>"7"}
  [1m[35mIssue Load (0.2ms)[0m  SELECT  "issues".* FROM "issues" WHERE "issues"."id" = ? LIMIT 1  [["id", 7]]
  Rendered issues/show.html.erb within layouts/application (22.7ms)
Completed 500 Internal Server Error in 27ms (ActiveRecord: 0.2ms)

ActionView::Template::Error (undefined local variable or method `issue' for #<#<Class:0x007fd619306fc8>:0x007fd618493428>):
    12: 
    13: <p>
    14:   <strong>Imagem:</strong>
    15:   <%= image_tag(issue.picture_url, :width => 370) if issue.picture.present? %>
    16: 
    17: </p>
    18: 
  app/views/issues/show.html.erb:15:in `_app_views_issues_show_html_erb__3868502371413492858_70278753600720'


  Rendered /Library/Ruby/Gems/2.0.0/gems/actionpack-4.2.3/lib/action_dispatch/middleware/templates/rescues/_source.erb (12.5ms)
  Rendered /Library/Ruby/Gems/2.0.0/gems/actionpack-4.2.3/lib/action_dispatch/middleware/templates/rescues/_trace.html.erb (3.9ms)
  Rendered /Library/Ruby/Gems/2.0.0/gems/actionpack-4.2.3/lib/action_dispatch/middleware/templates/rescues/_request_and_response.html.erb (1.3ms)
  Rendered /Library/Ruby/Gems/2.0.0/gems/actionpack-4.2.3/lib/action_dispatch/middleware/templates/rescues/template_error.html.erb within rescues/layout (34.8ms)
  Rendered /Library/Ruby/Gems/2.0.0/gems/web-console-2.3.0/lib/web_console/templates/_markup.html.erb (0.6ms)
  Rendered /Library/Ruby/Gems/2.0.0/gems/web-console-2.3.0/lib/web_console/templates/_inner_console_markup.html.erb within layouts/inlined_string (0.4ms)
  Rendered /Library/Ruby/Gems/2.0.0/gems/web-console-2.3.0/lib/web_console/templates/_prompt_box_markup.html.erb within layouts/inlined_string (0.4ms)
  Rendered /Library/Ruby/Gems/2.0.0/gems/web-console-2.3.0/lib/web_console/templates/style.css.erb within layouts/inlined_string (0.6ms)
  Rendered /Library/Ruby/Gems/2.0.0/gems/web-console-2.3.0/lib/web_console/templates/console.js.erb within layouts/javascript (21.6ms)
  Rendered /Library/Ruby/Gems/2.0.0/gems/web-console-2.3.0/lib/web_console/templates/main.js.erb within layouts/javascript (0.5ms)
  Rendered /Library/Ruby/Gems/2.0.0/gems/web-console-2.3.0/lib/web_console/templates/error_page.js.erb within layouts/javascript (0.5ms)
  Rendered /Library/Ruby/Gems/2.0.0/gems/web-console-2.3.0/lib/web_console/templates/index.html.erb (45.9ms)


Started GET "/issues/" for ::1 at 2016-02-25 20:57:13 -0300
Processing by IssuesController#index as HTML
  [1m[36mIssue Load (0.3ms)[0m  [1mSELECT "issues".* FROM "issues"[0m
  Rendered issues/index.html.erb within layouts/application (3.8ms)
Completed 200 OK in 24ms (Views: 22.7ms | ActiveRecord: 0.3ms)


Started DELETE "/issues/7" for ::1 at 2016-02-25 20:57:17 -0300
Processing by IssuesController#destroy as HTML
  Parameters: {"authenticity_token"=>"Aev1ZRISs1zl5FhikSjsTtFoD6yrw25xM64da+Ay1suk18r4VczTn1fVpf3V2XBn4s5IQm7/zy32q+vKBhkQmA==", "id"=>"7"}
  [1m[35mIssue Load (0.2ms)[0m  SELECT  "issues".* FROM "issues" WHERE "issues"."id" = ? LIMIT 1  [["id", 7]]
  [1m[36m (0.1ms)[0m  [1mbegin transaction[0m
  [1m[35mSQL (1.0ms)[0m  DELETE FROM "issues" WHERE "issues"."id" = ?  [["id", 7]]
  [1m[36m (2.7ms)[0m  [1mcommit transaction[0m
Redirected to http://localhost:3000/issues
Completed 302 Found in 7ms (ActiveRecord: 4.0ms)


Started GET "/issues" for ::1 at 2016-02-25 20:57:17 -0300
Processing by IssuesController#index as HTML
  [1m[35mIssue Load (0.2ms)[0m  SELECT "issues".* FROM "issues"
  Rendered issues/index.html.erb within layouts/application (2.5ms)
Completed 200 OK in 23ms (Views: 22.2ms | ActiveRecord: 0.2ms)


Started DELETE "/issues/6" for ::1 at 2016-02-25 20:57:20 -0300
Processing by IssuesController#destroy as HTML
  Parameters: {"authenticity_token"=>"dumNjFqiQCTdK7Zom8CQRnl3K3QYudBc2fUU1NalRevT1bIRHXwg528aS/ffMQxvStFsmt2FcQAc8OJ1MI6DuA==", "id"=>"6"}
  [1m[36mIssue Load (0.2ms)[0m  [1mSELECT  "issues".* FROM "issues" WHERE "issues"."id" = ? LIMIT 1[0m  [["id", 6]]
  [1m[35m (0.1ms)[0m  begin transaction
  [1m[36mSQL (0.4ms)[0m  [1mDELETE FROM "issues" WHERE "issues"."id" = ?[0m  [["id", 6]]
  [1m[35m (2.8ms)[0m  commit transaction
Redirected to http://localhost:3000/issues
Completed 302 Found in 7ms (ActiveRecord: 3.5ms)


Started GET "/issues" for ::1 at 2016-02-25 20:57:20 -0300
Processing by IssuesController#index as HTML
  [1m[36mIssue Load (0.2ms)[0m  [1mSELECT "issues".* FROM "issues"[0m
  Rendered issues/index.html.erb within layouts/application (2.6ms)
Completed 200 OK in 25ms (Views: 23.7ms | ActiveRecord: 0.2ms)


Started GET "/issues/new" for ::1 at 2016-02-25 20:57:21 -0300
Processing by IssuesController#new as HTML
  Rendered issues/_form.html.erb (3.1ms)
  Rendered issues/new.html.erb within layouts/application (4.1ms)
Completed 200 OK in 26ms (Views: 25.5ms | ActiveRecord: 0.0ms)


Started POST "/issues" for ::1 at 2016-02-25 20:57:33 -0300
Processing by IssuesController#create as HTML
  Parameters: {"utf8"=>"✓", "authenticity_token"=>"RqFvpQxbZxsgtEGZJcF6srhpoDisMtfejLbKXk8/vp/jnVA4S4UH2JKFvAZhMOabi8/n1mkOdoJJszz/qRR4zA==", "issue"=>{"title"=>"kygbyf", "address"=>"ygniuygbiuyg", "picture"=>#<ActionDispatch::Http::UploadedFile:0x007fd6191cd490 @tempfile=#<Tempfile:/var/folders/zz/zyxvpxvq6csfxvn_n0000000000000/T/RackMultipart20160225-655-v039t7.jpg>, @original_filename="geladeira-5.jpg", @content_type="image/jpeg", @headers="Content-Disposition: form-data; name=\"issue[picture]\"; filename=\"geladeira-5.jpg\"\r\nContent-Type: image/jpeg\r\n">, "description"=>"kygbibg "}, "commit"=>"Salvar"}
  [1m[35m (0.1ms)[0m  begin transaction
  [1m[36mSQL (0.5ms)[0m  [1mINSERT INTO "issues" ("title", "address", "picture", "description", "created_at", "updated_at") VALUES (?, ?, ?, ?, ?, ?)[0m  [["title", "kygbyf"], ["address", "ygniuygbiuyg"], ["picture", "#<ActionDispatch::Http::UploadedFile:0x007fd6191cd490>"], ["description", "kygbibg "], ["created_at", "2016-02-25 23:57:33.791413"], ["updated_at", "2016-02-25 23:57:33.791413"]]
  [1m[35m (16.5ms)[0m  commit transaction
Redirected to http://localhost:3000/issues/8
Completed 302 Found in 22ms (ActiveRecord: 17.1ms)


Started GET "/issues/8" for ::1 at 2016-02-25 20:57:33 -0300
Processing by IssuesController#show as HTML
  Parameters: {"id"=>"8"}
  [1m[36mIssue Load (0.2ms)[0m  [1mSELECT  "issues".* FROM "issues" WHERE "issues"."id" = ? LIMIT 1[0m  [["id", 8]]
  Rendered issues/show.html.erb within layouts/application (3.5ms)
Completed 500 Internal Server Error in 7ms (ActiveRecord: 0.2ms)

ActionView::Template::Error (undefined method `picture_url' for #<Issue:0x007fd619234938>):
    12: 
    13: <p>
    14:   <strong>Imagem:</strong>
    15:   <%= image_tag(@issue.picture_url, :width => 370) if @issue.picture.present? %>
    16: 
    17: </p>
    18: 
  app/views/issues/show.html.erb:15:in `_app_views_issues_show_html_erb__3868502371413492858_70278760757080'


  Rendered /Library/Ruby/Gems/2.0.0/gems/actionpack-4.2.3/lib/action_dispatch/middleware/templates/rescues/_source.erb (9.9ms)
  Rendered /Library/Ruby/Gems/2.0.0/gems/actionpack-4.2.3/lib/action_dispatch/middleware/templates/rescues/_trace.html.erb (3.7ms)
  Rendered /Library/Ruby/Gems/2.0.0/gems/actionpack-4.2.3/lib/action_dispatch/middleware/templates/rescues/_request_and_response.html.erb (1.5ms)
  Rendered /Library/Ruby/Gems/2.0.0/gems/actionpack-4.2.3/lib/action_dispatch/middleware/templates/rescues/template_error.html.erb within rescues/layout (31.4ms)
  Rendered /Library/Ruby/Gems/2.0.0/gems/web-console-2.3.0/lib/web_console/templates/_markup.html.erb (0.5ms)
  Rendered /Library/Ruby/Gems/2.0.0/gems/web-console-2.3.0/lib/web_console/templates/_inner_console_markup.html.erb within layouts/inlined_string (0.4ms)
  Rendered /Library/Ruby/Gems/2.0.0/gems/web-console-2.3.0/lib/web_console/templates/_prompt_box_markup.html.erb within layouts/inlined_string (0.3ms)
  Rendered /Library/Ruby/Gems/2.0.0/gems/web-console-2.3.0/lib/web_console/templates/style.css.erb within layouts/inlined_string (0.6ms)
  Rendered /Library/Ruby/Gems/2.0.0/gems/web-console-2.3.0/lib/web_console/templates/console.js.erb within layouts/javascript (21.6ms)
  Rendered /Library/Ruby/Gems/2.0.0/gems/web-console-2.3.0/lib/web_console/templates/main.js.erb within layouts/javascript (0.4ms)
  Rendered /Library/Ruby/Gems/2.0.0/gems/web-console-2.3.0/lib/web_console/templates/error_page.js.erb within layouts/javascript (0.6ms)
  Rendered /Library/Ruby/Gems/2.0.0/gems/web-console-2.3.0/lib/web_console/templates/index.html.erb (44.9ms)


Started GET "/issues/8" for ::1 at 2016-02-25 21:08:21 -0300
Processing by IssuesController#show as HTML
  Parameters: {"id"=>"8"}
  [1m[35mIssue Load (0.2ms)[0m  SELECT  "issues".* FROM "issues" WHERE "issues"."id" = ? LIMIT 1  [["id", 8]]
  Rendered issues/show.html.erb within layouts/application (3.4ms)
Completed 500 Internal Server Error in 9ms (ActiveRecord: 0.2ms)

ActionView::Template::Error (undefined method `picture_url' for #<Issue:0x007fd616bc2688>):
    12: 
    13: <p>
    14:   <strong>Imagem:</strong>
    15:   <%= image_tag(@issue.picture_url, :width => 370) if @issue.picture.present? %>
    16: 
    17: </p>
    18: 
  app/views/issues/show.html.erb:15:in `_app_views_issues_show_html_erb__3868502371413492858_70278760757080'


  Rendered /Library/Ruby/Gems/2.0.0/gems/actionpack-4.2.3/lib/action_dispatch/middleware/templates/rescues/_source.erb (11.7ms)
  Rendered /Library/Ruby/Gems/2.0.0/gems/actionpack-4.2.3/lib/action_dispatch/middleware/templates/rescues/_trace.html.erb (3.8ms)
  Rendered /Library/Ruby/Gems/2.0.0/gems/actionpack-4.2.3/lib/action_dispatch/middleware/templates/rescues/_request_and_response.html.erb (1.2ms)
  Rendered /Library/Ruby/Gems/2.0.0/gems/actionpack-4.2.3/lib/action_dispatch/middleware/templates/rescues/template_error.html.erb within rescues/layout (35.7ms)
  Rendered /Library/Ruby/Gems/2.0.0/gems/web-console-2.3.0/lib/web_console/templates/_markup.html.erb (0.5ms)
  Rendered /Library/Ruby/Gems/2.0.0/gems/web-console-2.3.0/lib/web_console/templates/_inner_console_markup.html.erb within layouts/inlined_string (0.4ms)
  Rendered /Library/Ruby/Gems/2.0.0/gems/web-console-2.3.0/lib/web_console/templates/_prompt_box_markup.html.erb within layouts/inlined_string (0.4ms)
  Rendered /Library/Ruby/Gems/2.0.0/gems/web-console-2.3.0/lib/web_console/templates/style.css.erb within layouts/inlined_string (0.5ms)
  Rendered /Library/Ruby/Gems/2.0.0/gems/web-console-2.3.0/lib/web_console/templates/console.js.erb within layouts/javascript (23.3ms)
  Rendered /Library/Ruby/Gems/2.0.0/gems/web-console-2.3.0/lib/web_console/templates/main.js.erb within layouts/javascript (0.3ms)
  Rendered /Library/Ruby/Gems/2.0.0/gems/web-console-2.3.0/lib/web_console/templates/error_page.js.erb within layouts/javascript (0.5ms)
  Rendered /Library/Ruby/Gems/2.0.0/gems/web-console-2.3.0/lib/web_console/templates/index.html.erb (46.0ms)
  [1m[36mActiveRecord::SchemaMigration Load (0.1ms)[0m  [1mSELECT "schema_migrations".* FROM "schema_migrations"[0m
  [1m[35mActiveRecord::SchemaMigration Load (0.1ms)[0m  SELECT "schema_migrations".* FROM "schema_migrations"


Started GET "/issues/" for ::1 at 2016-02-25 21:11:48 -0300
  [1m[36mActiveRecord::SchemaMigration Load (0.2ms)[0m  [1mSELECT "schema_migrations".* FROM "schema_migrations"[0m
Processing by IssuesController#index as HTML
  [1m[35mIssue Load (0.3ms)[0m  SELECT "issues".* FROM "issues"
  Rendered issues/index.html.erb within layouts/application (16.8ms)
Completed 200 OK in 962ms (Views: 793.3ms | ActiveRecord: 0.9ms)


Started DELETE "/issues/8" for ::1 at 2016-02-25 21:11:53 -0300
Processing by IssuesController#destroy as HTML
  Parameters: {"authenticity_token"=>"XZGp94Lk+9/lCrJqGYdhIGrHkq5ZD77ybzLo0treoRr4rZZqxTqbHFc7T/Vddv0JWWHVQJwzH66qNx5zPPVnSQ==", "id"=>"8"}
  [1m[36mIssue Load (0.5ms)[0m  [1mSELECT  "issues".* FROM "issues" WHERE "issues"."id" = ? LIMIT 1[0m  [["id", 8]]
  [1m[35m (0.1ms)[0m  begin transaction
  [1m[36mSQL (0.5ms)[0m  [1mDELETE FROM "issues" WHERE "issues"."id" = ?[0m  [["id", 8]]
  [1m[35m (2.9ms)[0m  commit transaction
Redirected to http://localhost:3000/issues
Completed 302 Found in 52ms (ActiveRecord: 3.9ms)


Started GET "/issues" for ::1 at 2016-02-25 21:11:53 -0300
Processing by IssuesController#index as HTML
  [1m[36mIssue Load (0.3ms)[0m  [1mSELECT "issues".* FROM "issues"[0m
  Rendered issues/index.html.erb within layouts/application (3.4ms)
Completed 200 OK in 48ms (Views: 46.4ms | ActiveRecord: 0.3ms)


Started GET "/issues/new" for ::1 at 2016-02-25 21:11:54 -0300
Processing by IssuesController#new as HTML
  Rendered issues/_form.html.erb (185.7ms)
  Rendered issues/new.html.erb within layouts/application (268.8ms)
Completed 200 OK in 293ms (Views: 292.4ms | ActiveRecord: 0.0ms)


Started POST "/issues" for ::1 at 2016-02-25 21:12:06 -0300
Processing by IssuesController#create as HTML
  Parameters: {"utf8"=>"✓", "authenticity_token"=>"j5r+nBR2goHjm9ki7npeCLIdGGYBcggAUueh//yDaMIqpsEBU6jiQlGqJL2qi8IhgbtfiMROqVyX4ldeGqiukQ==", "issue"=>{"title"=>"biuyoiuyv", "address"=>"uyvuyv", "picture"=>#<ActionDispatch::Http::UploadedFile:0x007fbf89263ef0 @tempfile=#<Tempfile:/var/folders/zz/zyxvpxvq6csfxvn_n0000000000000/T/RackMultipart20160225-928-rnfoei.jpg>, @original_filename="geladeira-5.jpg", @content_type="image/jpeg", @headers="Content-Disposition: form-data; name=\"issue[picture]\"; filename=\"geladeira-5.jpg\"\r\nContent-Type: image/jpeg\r\n">, "description"=>"ygnignigou"}, "commit"=>"Salvar"}
  [1m[35m (0.2ms)[0m  begin transaction
  [1m[36mSQL (0.5ms)[0m  [1mINSERT INTO "issues" ("title", "address", "picture", "description", "created_at", "updated_at") VALUES (?, ?, ?, ?, ?, ?)[0m  [["title", "biuyoiuyv"], ["address", "uyvuyv"], ["picture", "#<ActionDispatch::Http::UploadedFile:0x007fbf89263ef0>"], ["description", "ygnignigou"], ["created_at", "2016-02-26 00:12:06.710408"], ["updated_at", "2016-02-26 00:12:06.710408"]]
  [1m[35m (10.4ms)[0m  commit transaction
Redirected to http://localhost:3000/issues/9
Completed 302 Found in 17ms (ActiveRecord: 11.0ms)


Started GET "/issues/9" for ::1 at 2016-02-25 21:12:06 -0300
Processing by IssuesController#show as HTML
  Parameters: {"id"=>"9"}
  [1m[36mIssue Load (0.2ms)[0m  [1mSELECT  "issues".* FROM "issues" WHERE "issues"."id" = ? LIMIT 1[0m  [["id", 9]]
  Rendered issues/show.html.erb within layouts/application (24.5ms)
Completed 500 Internal Server Error in 31ms (ActiveRecord: 0.2ms)

ActionView::Template::Error (undefined method `picture_url' for #<Issue:0x007fbf89339528>):
    12: 
    13: <p>
    14:   <strong>Imagem:</strong>
    15:   <%= image_tag(@issue.picture_url, :width => 370) if @issue.picture.present? %>
    16: 
    17: </p>
    18: 
  app/views/issues/show.html.erb:15:in `_app_views_issues_show_html_erb___3961658482654407332_70230308685820'


  Rendered /Library/Ruby/Gems/2.0.0/gems/actionpack-4.2.3/lib/action_dispatch/middleware/templates/rescues/_source.erb (10.7ms)
  Rendered /Library/Ruby/Gems/2.0.0/gems/actionpack-4.2.3/lib/action_dispatch/middleware/templates/rescues/_trace.html.erb (4.3ms)
  Rendered /Library/Ruby/Gems/2.0.0/gems/actionpack-4.2.3/lib/action_dispatch/middleware/templates/rescues/_request_and_response.html.erb (6.1ms)
  Rendered /Library/Ruby/Gems/2.0.0/gems/actionpack-4.2.3/lib/action_dispatch/middleware/templates/rescues/template_error.html.erb within rescues/layout (221.1ms)
  Rendered /Library/Ruby/Gems/2.0.0/gems/web-console-2.3.0/lib/web_console/templates/_markup.html.erb (0.6ms)
  Rendered /Library/Ruby/Gems/2.0.0/gems/web-console-2.3.0/lib/web_console/templates/_inner_console_markup.html.erb within layouts/inlined_string (0.5ms)
  Rendered /Library/Ruby/Gems/2.0.0/gems/web-console-2.3.0/lib/web_console/templates/_prompt_box_markup.html.erb within layouts/inlined_string (0.5ms)
  Rendered /Library/Ruby/Gems/2.0.0/gems/web-console-2.3.0/lib/web_console/templates/style.css.erb within layouts/inlined_string (0.5ms)
  Rendered /Library/Ruby/Gems/2.0.0/gems/web-console-2.3.0/lib/web_console/templates/console.js.erb within layouts/javascript (42.0ms)
  Rendered /Library/Ruby/Gems/2.0.0/gems/web-console-2.3.0/lib/web_console/templates/main.js.erb within layouts/javascript (0.5ms)
  Rendered /Library/Ruby/Gems/2.0.0/gems/web-console-2.3.0/lib/web_console/templates/error_page.js.erb within layouts/javascript (0.6ms)
  Rendered /Library/Ruby/Gems/2.0.0/gems/web-console-2.3.0/lib/web_console/templates/index.html.erb (73.4ms)


Started GET "/issues/" for ::1 at 2016-02-25 21:13:23 -0300
Processing by IssuesController#index as HTML
  [1m[35mIssue Load (0.5ms)[0m  SELECT "issues".* FROM "issues"
  Rendered issues/index.html.erb within layouts/application (15.2ms)
Completed 200 OK in 41ms (Views: 33.4ms | ActiveRecord: 0.9ms)


Started DELETE "/issues/9" for ::1 at 2016-02-25 21:13:28 -0300
Processing by IssuesController#destroy as HTML
  Parameters: {"authenticity_token"=>"Vv9YS6VOJSHLgRD9cSmR3Dy0Y3604wWcMTIeQ/b3Kefzw2fW4pBF4nmw7WI12A31DxIkkHHfpMD0N+jiENzvtA==", "id"=>"9"}
  [1m[36mIssue Load (0.3ms)[0m  [1mSELECT  "issues".* FROM "issues" WHERE "issues"."id" = ? LIMIT 1[0m  [["id", 9]]
  [1m[35m (0.1ms)[0m  begin transaction
  [1m[36mSQL (0.4ms)[0m  [1mDELETE FROM "issues" WHERE "issues"."id" = ?[0m  [["id", 9]]
  [1m[35m (52.4ms)[0m  commit transaction
Redirected to http://localhost:3000/issues
Completed 302 Found in 61ms (ActiveRecord: 53.2ms)


Started GET "/issues" for ::1 at 2016-02-25 21:13:28 -0300
Processing by IssuesController#index as HTML
  [1m[36mIssue Load (0.2ms)[0m  [1mSELECT "issues".* FROM "issues"[0m
  Rendered issues/index.html.erb within layouts/application (6.7ms)
Completed 200 OK in 27ms (Views: 26.0ms | ActiveRecord: 0.2ms)


Started GET "/issues/new" for ::1 at 2016-02-25 21:13:30 -0300
Processing by IssuesController#new as HTML
  Rendered issues/_form.html.erb (4.0ms)
  Rendered issues/new.html.erb within layouts/application (5.1ms)
Completed 200 OK in 24ms (Views: 23.3ms | ActiveRecord: 0.0ms)


Started POST "/issues" for ::1 at 2016-02-25 21:13:39 -0300
Processing by IssuesController#create as HTML
  Parameters: {"utf8"=>"✓", "authenticity_token"=>"WJp7G4NQShqrAcskO2994khw3PJwM9CK5ksd3OCSJpb9pkSGxI4q2RkwNrt/nuHLe9abHLUPcdYjTut9BrngxQ==", "issue"=>{"title"=>"hgbuyv ", "address"=>"iuyuy", "picture"=>#<ActionDispatch::Http::UploadedFile:0x007fbf8a000770 @tempfile=#<Tempfile:/var/folders/zz/zyxvpxvq6csfxvn_n0000000000000/T/RackMultipart20160225-928-12qlneg.jpg>, @original_filename="geladeira-5.jpg", @content_type="image/jpeg", @headers="Content-Disposition: form-data; name=\"issue[picture]\"; filename=\"geladeira-5.jpg\"\r\nContent-Type: image/jpeg\r\n">, "description"=>"ldfs gdfugfd"}, "commit"=>"Salvar"}
  [1m[35m (0.2ms)[0m  begin transaction
  [1m[36mSQL (0.5ms)[0m  [1mINSERT INTO "issues" ("title", "address", "picture", "description", "created_at", "updated_at") VALUES (?, ?, ?, ?, ?, ?)[0m  [["title", "hgbuyv "], ["address", "iuyuy"], ["picture", "geladeira-5.jpg"], ["description", "ldfs gdfugfd"], ["created_at", "2016-02-26 00:13:39.486986"], ["updated_at", "2016-02-26 00:13:39.486986"]]
  [1m[35m (2.9ms)[0m  commit transaction
Redirected to http://localhost:3000/issues/10
Completed 302 Found in 119ms (ActiveRecord: 3.6ms)


Started GET "/issues/10" for ::1 at 2016-02-25 21:13:39 -0300
Processing by IssuesController#show as HTML
  Parameters: {"id"=>"10"}
  [1m[36mIssue Load (0.2ms)[0m  [1mSELECT  "issues".* FROM "issues" WHERE "issues"."id" = ? LIMIT 1[0m  [["id", 10]]
  Rendered issues/show.html.erb within layouts/application (1.2ms)
Completed 200 OK in 22ms (Views: 20.3ms | ActiveRecord: 0.2ms)


Started GET "/issues" for ::1 at 2016-02-25 21:13:42 -0300
Processing by IssuesController#index as HTML
  [1m[35mIssue Load (0.2ms)[0m  SELECT "issues".* FROM "issues"
  Rendered issues/index.html.erb within layouts/application (4.5ms)
Completed 200 OK in 26ms (Views: 24.3ms | ActiveRecord: 0.2ms)


Started GET "/issues" for ::1 at 2016-02-25 21:14:10 -0300
Processing by IssuesController#index as HTML
  [1m[36mIssue Load (0.3ms)[0m  [1mSELECT "issues".* FROM "issues"[0m
  Rendered issues/index.html.erb within layouts/application (5.8ms)
Completed 200 OK in 32ms (Views: 30.4ms | ActiveRecord: 0.3ms)


Started GET "/assets/issues.self-e3b0c44298fc1c149afbf4c8996fb92427ae41e4649b934ca495991b7852b855.css?body=1" for ::1 at 2016-02-25 21:14:10 -0300


Started GET "/assets/scaffolds.self-7e0c0bf5e3a1998fec1f4a3d125e51c6ee06f231773653b8a536d87be3a2c286.css?body=1" for ::1 at 2016-02-25 21:14:10 -0300


Started GET "/assets/application.self-e80e8f2318043e8af94dddc2adad5a4f09739a8ebb323b3ab31cd71d45fd9113.css?body=1" for ::1 at 2016-02-25 21:14:10 -0300


Started GET "/assets/issues.self-877aef30ae1b040ab8a3aba4e3e309a11d7f2612f44dde450b5c157aa5f95c05.js?body=1" for ::1 at 2016-02-25 21:14:10 -0300


Started GET "/assets/turbolinks.self-c37727e9bd6b2735da5c311aa83fead54ed0be6cc8bd9a65309e9c5abe2cbfff.js?body=1" for ::1 at 2016-02-25 21:14:10 -0300


Started GET "/assets/jquery.self-c64a74367bda6ef8b860f19e74df08927ca99d2be2ac934e9e92d5fd361e0da4.js?body=1" for ::1 at 2016-02-25 21:14:10 -0300


Started GET "/assets/jquery_ujs.self-d602bdfe68ffc63b9f9cc512872aa3cfff046228a0a36e90dd476e8ef54c1b09.js?body=1" for ::1 at 2016-02-25 21:14:10 -0300


Started GET "/assets/application.self-3b8dabdc891efe46b9a144b400ad69e37d7e5876bdc39dee783419a69d7ca819.js?body=1" for ::1 at 2016-02-25 21:14:10 -0300


Started GET "/issues" for ::1 at 2016-02-25 21:14:20 -0300
Processing by IssuesController#index as HTML
  [1m[35mIssue Load (0.3ms)[0m  SELECT "issues".* FROM "issues"
  Rendered issues/index.html.erb within layouts/application (6.6ms)
Completed 200 OK in 27ms (Views: 26.0ms | ActiveRecord: 0.3ms)


Started GET "/assets/issues.self-e3b0c44298fc1c149afbf4c8996fb92427ae41e4649b934ca495991b7852b855.css?body=1" for ::1 at 2016-02-25 21:14:21 -0300


Started GET "/assets/scaffolds.self-7e0c0bf5e3a1998fec1f4a3d125e51c6ee06f231773653b8a536d87be3a2c286.css?body=1" for ::1 at 2016-02-25 21:14:21 -0300


Started GET "/assets/application.self-e80e8f2318043e8af94dddc2adad5a4f09739a8ebb323b3ab31cd71d45fd9113.css?body=1" for ::1 at 2016-02-25 21:14:21 -0300


Started GET "/assets/jquery.self-c64a74367bda6ef8b860f19e74df08927ca99d2be2ac934e9e92d5fd361e0da4.js?body=1" for ::1 at 2016-02-25 21:14:21 -0300


Started GET "/assets/turbolinks.self-c37727e9bd6b2735da5c311aa83fead54ed0be6cc8bd9a65309e9c5abe2cbfff.js?body=1" for ::1 at 2016-02-25 21:14:21 -0300


Started GET "/assets/application.self-3b8dabdc891efe46b9a144b400ad69e37d7e5876bdc39dee783419a69d7ca819.js?body=1" for ::1 at 2016-02-25 21:14:21 -0300


Started GET "/assets/jquery_ujs.self-d602bdfe68ffc63b9f9cc512872aa3cfff046228a0a36e90dd476e8ef54c1b09.js?body=1" for ::1 at 2016-02-25 21:14:21 -0300


Started GET "/assets/issues.self-877aef30ae1b040ab8a3aba4e3e309a11d7f2612f44dde450b5c157aa5f95c05.js?body=1" for ::1 at 2016-02-25 21:14:21 -0300


Started GET "/issues" for ::1 at 2016-02-25 21:14:34 -0300
Processing by IssuesController#index as HTML
  [1m[36mIssue Load (0.3ms)[0m  [1mSELECT "issues".* FROM "issues"[0m
  Rendered issues/index.html.erb within layouts/application (6.4ms)
Completed 200 OK in 31ms (Views: 29.1ms | ActiveRecord: 0.3ms)


Started GET "/issues/10" for ::1 at 2016-02-25 21:16:59 -0300
Processing by IssuesController#show as HTML
  Parameters: {"id"=>"10"}
  [1m[35mIssue Load (0.2ms)[0m  SELECT  "issues".* FROM "issues" WHERE "issues"."id" = ? LIMIT 1  [["id", 10]]
  Rendered issues/show.html.erb within layouts/application (2.0ms)
Completed 200 OK in 25ms (Views: 22.8ms | ActiveRecord: 0.1ms)


Started GET "/issues" for ::1 at 2016-02-25 21:20:46 -0300
Processing by IssuesController#index as HTML
  [1m[36mIssue Load (0.3ms)[0m  [1mSELECT "issues".* FROM "issues"[0m
  Rendered issues/index.html.erb within layouts/application (5.3ms)
Completed 200 OK in 95ms (Views: 93.4ms | ActiveRecord: 0.3ms)


Started GET "/noaedes/index.php/issue/7.html" for ::1 at 2016-02-25 21:21:00 -0300

ActionController::RoutingError (No route matches [GET] "/noaedes/index.php/issue/7.html"):
  actionpack (4.2.3) lib/action_dispatch/middleware/debug_exceptions.rb:21:in `call'
  web-console (2.3.0) lib/web_console/middleware.rb:28:in `block in call'
  web-console (2.3.0) lib/web_console/middleware.rb:18:in `catch'
  web-console (2.3.0) lib/web_console/middleware.rb:18:in `call'
  actionpack (4.2.3) lib/action_dispatch/middleware/show_exceptions.rb:30:in `call'
  railties (4.2.3) lib/rails/rack/logger.rb:38:in `call_app'
  railties (4.2.3) lib/rails/rack/logger.rb:20:in `block in call'
  activesupport (4.2.3) lib/active_support/tagged_logging.rb:68:in `block in tagged'
  activesupport (4.2.3) lib/active_support/tagged_logging.rb:26:in `tagged'
  activesupport (4.2.3) lib/active_support/tagged_logging.rb:68:in `tagged'
  railties (4.2.3) lib/rails/rack/logger.rb:20:in `call'
  actionpack (4.2.3) lib/action_dispatch/middleware/request_id.rb:21:in `call'
  rack (1.6.4) lib/rack/methodoverride.rb:22:in `call'
  rack (1.6.4) lib/rack/runtime.rb:18:in `call'
  activesupport (4.2.3) lib/active_support/cache/strategy/local_cache_middleware.rb:28:in `call'
  rack (1.6.4) lib/rack/lock.rb:17:in `call'
  actionpack (4.2.3) lib/action_dispatch/middleware/static.rb:116:in `call'
  rack (1.6.4) lib/rack/sendfile.rb:113:in `call'
  railties (4.2.3) lib/rails/engine.rb:518:in `call'
  railties (4.2.3) lib/rails/application.rb:165:in `call'
  rack (1.6.4) lib/rack/lock.rb:17:in `call'
  rack (1.6.4) lib/rack/content_length.rb:15:in `call'
  rack (1.6.4) lib/rack/handler/webrick.rb:88:in `service'
  /System/Library/Frameworks/Ruby.framework/Versions/2.0/usr/lib/ruby/2.0.0/webrick/httpserver.rb:138:in `service'
  /System/Library/Frameworks/Ruby.framework/Versions/2.0/usr/lib/ruby/2.0.0/webrick/httpserver.rb:94:in `run'
  /System/Library/Frameworks/Ruby.framework/Versions/2.0/usr/lib/ruby/2.0.0/webrick/server.rb:295:in `block in start_thread'


  Rendered /Library/Ruby/Gems/2.0.0/gems/actionpack-4.2.3/lib/action_dispatch/middleware/templates/rescues/_trace.html.erb (2.0ms)
  Rendered /Library/Ruby/Gems/2.0.0/gems/actionpack-4.2.3/lib/action_dispatch/middleware/templates/routes/_route.html.erb (1.4ms)
  Rendered /Library/Ruby/Gems/2.0.0/gems/actionpack-4.2.3/lib/action_dispatch/middleware/templates/routes/_table.html.erb (460.6ms)
  Rendered /Library/Ruby/Gems/2.0.0/gems/actionpack-4.2.3/lib/action_dispatch/middleware/templates/rescues/_request_and_response.html.erb (7.3ms)
  Rendered /Library/Ruby/Gems/2.0.0/gems/actionpack-4.2.3/lib/action_dispatch/middleware/templates/rescues/routing_error.html.erb within rescues/layout (522.5ms)
  Rendered /Library/Ruby/Gems/2.0.0/gems/web-console-2.3.0/lib/web_console/templates/_markup.html.erb (1.1ms)
  Rendered /Library/Ruby/Gems/2.0.0/gems/web-console-2.3.0/lib/web_console/templates/_inner_console_markup.html.erb within layouts/inlined_string (0.5ms)
  Rendered /Library/Ruby/Gems/2.0.0/gems/web-console-2.3.0/lib/web_console/templates/_prompt_box_markup.html.erb within layouts/inlined_string (0.5ms)
  Rendered /Library/Ruby/Gems/2.0.0/gems/web-console-2.3.0/lib/web_console/templates/style.css.erb within layouts/inlined_string (0.6ms)
  Rendered /Library/Ruby/Gems/2.0.0/gems/web-console-2.3.0/lib/web_console/templates/console.js.erb within layouts/javascript (24.4ms)
  Rendered /Library/Ruby/Gems/2.0.0/gems/web-console-2.3.0/lib/web_console/templates/main.js.erb within layouts/javascript (0.5ms)
  Rendered /Library/Ruby/Gems/2.0.0/gems/web-console-2.3.0/lib/web_console/templates/error_page.js.erb within layouts/javascript (0.8ms)
  Rendered /Library/Ruby/Gems/2.0.0/gems/web-console-2.3.0/lib/web_console/templates/index.html.erb (104.3ms)


Started GET "/noaedes/index.php/issue/7.html" for ::1 at 2016-02-25 21:21:12 -0300

ActionController::RoutingError (No route matches [GET] "/noaedes/index.php/issue/7.html"):
  actionpack (4.2.3) lib/action_dispatch/middleware/debug_exceptions.rb:21:in `call'
  web-console (2.3.0) lib/web_console/middleware.rb:28:in `block in call'
  web-console (2.3.0) lib/web_console/middleware.rb:18:in `catch'
  web-console (2.3.0) lib/web_console/middleware.rb:18:in `call'
  actionpack (4.2.3) lib/action_dispatch/middleware/show_exceptions.rb:30:in `call'
  railties (4.2.3) lib/rails/rack/logger.rb:38:in `call_app'
  railties (4.2.3) lib/rails/rack/logger.rb:20:in `block in call'
  activesupport (4.2.3) lib/active_support/tagged_logging.rb:68:in `block in tagged'
  activesupport (4.2.3) lib/active_support/tagged_logging.rb:26:in `tagged'
  activesupport (4.2.3) lib/active_support/tagged_logging.rb:68:in `tagged'
  railties (4.2.3) lib/rails/rack/logger.rb:20:in `call'
  actionpack (4.2.3) lib/action_dispatch/middleware/request_id.rb:21:in `call'
  rack (1.6.4) lib/rack/methodoverride.rb:22:in `call'
  rack (1.6.4) lib/rack/runtime.rb:18:in `call'
  activesupport (4.2.3) lib/active_support/cache/strategy/local_cache_middleware.rb:28:in `call'
  rack (1.6.4) lib/rack/lock.rb:17:in `call'
  actionpack (4.2.3) lib/action_dispatch/middleware/static.rb:116:in `call'
  rack (1.6.4) lib/rack/sendfile.rb:113:in `call'
  railties (4.2.3) lib/rails/engine.rb:518:in `call'
  railties (4.2.3) lib/rails/application.rb:165:in `call'
  rack (1.6.4) lib/rack/lock.rb:17:in `call'
  rack (1.6.4) lib/rack/content_length.rb:15:in `call'
  rack (1.6.4) lib/rack/handler/webrick.rb:88:in `service'
  /System/Library/Frameworks/Ruby.framework/Versions/2.0/usr/lib/ruby/2.0.0/webrick/httpserver.rb:138:in `service'
  /System/Library/Frameworks/Ruby.framework/Versions/2.0/usr/lib/ruby/2.0.0/webrick/httpserver.rb:94:in `run'
  /System/Library/Frameworks/Ruby.framework/Versions/2.0/usr/lib/ruby/2.0.0/webrick/server.rb:295:in `block in start_thread'


  Rendered /Library/Ruby/Gems/2.0.0/gems/actionpack-4.2.3/lib/action_dispatch/middleware/templates/rescues/_trace.html.erb (1.8ms)
  Rendered /Library/Ruby/Gems/2.0.0/gems/actionpack-4.2.3/lib/action_dispatch/middleware/templates/routes/_route.html.erb (1.4ms)
  Rendered /Library/Ruby/Gems/2.0.0/gems/actionpack-4.2.3/lib/action_dispatch/middleware/templates/routes/_table.html.erb (1.6ms)
  Rendered /Library/Ruby/Gems/2.0.0/gems/actionpack-4.2.3/lib/action_dispatch/middleware/templates/rescues/_request_and_response.html.erb (1.7ms)
  Rendered /Library/Ruby/Gems/2.0.0/gems/actionpack-4.2.3/lib/action_dispatch/middleware/templates/rescues/routing_error.html.erb within rescues/layout (31.0ms)
  Rendered /Library/Ruby/Gems/2.0.0/gems/web-console-2.3.0/lib/web_console/templates/_markup.html.erb (0.5ms)
  Rendered /Library/Ruby/Gems/2.0.0/gems/web-console-2.3.0/lib/web_console/templates/_inner_console_markup.html.erb within layouts/inlined_string (0.3ms)
  Rendered /Library/Ruby/Gems/2.0.0/gems/web-console-2.3.0/lib/web_console/templates/_prompt_box_markup.html.erb within layouts/inlined_string (0.4ms)
  Rendered /Library/Ruby/Gems/2.0.0/gems/web-console-2.3.0/lib/web_console/templates/style.css.erb within layouts/inlined_string (0.4ms)
  Rendered /Library/Ruby/Gems/2.0.0/gems/web-console-2.3.0/lib/web_console/templates/console.js.erb within layouts/javascript (19.7ms)
  Rendered /Library/Ruby/Gems/2.0.0/gems/web-console-2.3.0/lib/web_console/templates/main.js.erb within layouts/javascript (0.3ms)
  Rendered /Library/Ruby/Gems/2.0.0/gems/web-console-2.3.0/lib/web_console/templates/error_page.js.erb within layouts/javascript (96.2ms)
  Rendered /Library/Ruby/Gems/2.0.0/gems/web-console-2.3.0/lib/web_console/templates/index.html.erb (137.4ms)


Started GET "/noaedes/" for ::1 at 2016-02-25 21:21:18 -0300

ActionController::RoutingError (No route matches [GET] "/noaedes"):
  actionpack (4.2.3) lib/action_dispatch/middleware/debug_exceptions.rb:21:in `call'
  web-console (2.3.0) lib/web_console/middleware.rb:28:in `block in call'
  web-console (2.3.0) lib/web_console/middleware.rb:18:in `catch'
  web-console (2.3.0) lib/web_console/middleware.rb:18:in `call'
  actionpack (4.2.3) lib/action_dispatch/middleware/show_exceptions.rb:30:in `call'
  railties (4.2.3) lib/rails/rack/logger.rb:38:in `call_app'
  railties (4.2.3) lib/rails/rack/logger.rb:20:in `block in call'
  activesupport (4.2.3) lib/active_support/tagged_logging.rb:68:in `block in tagged'
  activesupport (4.2.3) lib/active_support/tagged_logging.rb:26:in `tagged'
  activesupport (4.2.3) lib/active_support/tagged_logging.rb:68:in `tagged'
  railties (4.2.3) lib/rails/rack/logger.rb:20:in `call'
  actionpack (4.2.3) lib/action_dispatch/middleware/request_id.rb:21:in `call'
  rack (1.6.4) lib/rack/methodoverride.rb:22:in `call'
  rack (1.6.4) lib/rack/runtime.rb:18:in `call'
  activesupport (4.2.3) lib/active_support/cache/strategy/local_cache_middleware.rb:28:in `call'
  rack (1.6.4) lib/rack/lock.rb:17:in `call'
  actionpack (4.2.3) lib/action_dispatch/middleware/static.rb:116:in `call'
  rack (1.6.4) lib/rack/sendfile.rb:113:in `call'
  railties (4.2.3) lib/rails/engine.rb:518:in `call'
  railties (4.2.3) lib/rails/application.rb:165:in `call'
  rack (1.6.4) lib/rack/lock.rb:17:in `call'
  rack (1.6.4) lib/rack/content_length.rb:15:in `call'
  rack (1.6.4) lib/rack/handler/webrick.rb:88:in `service'
  /System/Library/Frameworks/Ruby.framework/Versions/2.0/usr/lib/ruby/2.0.0/webrick/httpserver.rb:138:in `service'
  /System/Library/Frameworks/Ruby.framework/Versions/2.0/usr/lib/ruby/2.0.0/webrick/httpserver.rb:94:in `run'
  /System/Library/Frameworks/Ruby.framework/Versions/2.0/usr/lib/ruby/2.0.0/webrick/server.rb:295:in `block in start_thread'


  Rendered /Library/Ruby/Gems/2.0.0/gems/actionpack-4.2.3/lib/action_dispatch/middleware/templates/rescues/_trace.html.erb (2.1ms)
  Rendered /Library/Ruby/Gems/2.0.0/gems/actionpack-4.2.3/lib/action_dispatch/middleware/templates/routes/_route.html.erb (1.4ms)
  Rendered /Library/Ruby/Gems/2.0.0/gems/actionpack-4.2.3/lib/action_dispatch/middleware/templates/routes/_table.html.erb (1.7ms)
  Rendered /Library/Ruby/Gems/2.0.0/gems/actionpack-4.2.3/lib/action_dispatch/middleware/templates/rescues/_request_and_response.html.erb (2.6ms)
  Rendered /Library/Ruby/Gems/2.0.0/gems/actionpack-4.2.3/lib/action_dispatch/middleware/templates/rescues/routing_error.html.erb within rescues/layout (35.4ms)
  Rendered /Library/Ruby/Gems/2.0.0/gems/web-console-2.3.0/lib/web_console/templates/_markup.html.erb (0.4ms)
  Rendered /Library/Ruby/Gems/2.0.0/gems/web-console-2.3.0/lib/web_console/templates/_inner_console_markup.html.erb within layouts/inlined_string (0.4ms)
  Rendered /Library/Ruby/Gems/2.0.0/gems/web-console-2.3.0/lib/web_console/templates/_prompt_box_markup.html.erb within layouts/inlined_string (0.5ms)
  Rendered /Library/Ruby/Gems/2.0.0/gems/web-console-2.3.0/lib/web_console/templates/style.css.erb within layouts/inlined_string (0.4ms)
  Rendered /Library/Ruby/Gems/2.0.0/gems/web-console-2.3.0/lib/web_console/templates/console.js.erb within layouts/javascript (20.5ms)
  Rendered /Library/Ruby/Gems/2.0.0/gems/web-console-2.3.0/lib/web_console/templates/main.js.erb within layouts/javascript (0.5ms)
  Rendered /Library/Ruby/Gems/2.0.0/gems/web-console-2.3.0/lib/web_console/templates/error_page.js.erb within layouts/javascript (0.5ms)
  Rendered /Library/Ruby/Gems/2.0.0/gems/web-console-2.3.0/lib/web_console/templates/index.html.erb (43.1ms)


Started GET "/" for ::1 at 2016-02-25 21:21:31 -0300
Processing by Rails::WelcomeController#index as HTML
  Rendered /Library/Ruby/Gems/2.0.0/gems/railties-4.2.3/lib/rails/templates/rails/welcome/index.html.erb (1.6ms)
Completed 200 OK in 33ms (Views: 32.2ms | ActiveRecord: 0.0ms)


Started GET "/issues" for ::1 at 2016-02-25 21:21:37 -0300
Processing by IssuesController#index as HTML
  [1m[35mIssue Load (0.3ms)[0m  SELECT "issues".* FROM "issues"
  Rendered issues/index.html.erb within layouts/application (5.9ms)
Completed 200 OK in 54ms (Views: 51.9ms | ActiveRecord: 0.3ms)


Started GET "/assets/application.self-554c36b8a85110c7ea752df766962863c19256e8b4ac6343194d9a4c63c0ea5c.css?body=1" for ::1 at 2016-02-25 21:21:38 -0300


Started GET "/issues" for ::1 at 2016-02-25 21:23:33 -0300
Processing by IssuesController#index as HTML
  [1m[36mIssue Load (0.7ms)[0m  [1mSELECT "issues".* FROM "issues"[0m
  Rendered issues/index.html.erb within layouts/application (6.0ms)
Completed 200 OK in 30ms (Views: 28.2ms | ActiveRecord: 0.7ms)


Started GET "/issues" for ::1 at 2016-02-25 21:24:19 -0300
Processing by IssuesController#index as HTML
  [1m[35mIssue Load (0.3ms)[0m  SELECT "issues".* FROM "issues"
  Rendered issues/index.html.erb within layouts/application (116.4ms)
Completed 200 OK in 139ms (Views: 137.5ms | ActiveRecord: 0.3ms)


Started GET "/issues" for ::1 at 2016-02-25 21:24:37 -0300
Processing by IssuesController#index as HTML
  [1m[36mIssue Load (0.3ms)[0m  [1mSELECT "issues".* FROM "issues"[0m
  Rendered issues/index.html.erb within layouts/application (7.1ms)
Completed 200 OK in 35ms (Views: 33.7ms | ActiveRecord: 0.3ms)


Started GET "/issues" for ::1 at 2016-02-25 21:25:09 -0300
Processing by IssuesController#index as HTML
  [1m[35mIssue Load (0.3ms)[0m  SELECT "issues".* FROM "issues"
  Rendered issues/index.html.erb within layouts/application (5.4ms)
Completed 200 OK in 30ms (Views: 23.3ms | ActiveRecord: 0.3ms)


Started GET "/issues" for ::1 at 2016-02-25 21:25:52 -0300
Processing by IssuesController#index as HTML
  [1m[36mIssue Load (0.2ms)[0m  [1mSELECT "issues".* FROM "issues"[0m
  Rendered issues/index.html.erb within layouts/application (3.7ms)
Completed 200 OK in 22ms (Views: 21.2ms | ActiveRecord: 0.2ms)


Started GET "/issues" for ::1 at 2016-02-25 21:26:09 -0300
Processing by IssuesController#index as HTML
  [1m[35mIssue Load (0.3ms)[0m  SELECT "issues".* FROM "issues"
  Rendered issues/index.html.erb within layouts/application (5.8ms)
Completed 200 OK in 30ms (Views: 24.1ms | ActiveRecord: 0.3ms)


Started GET "/issues" for ::1 at 2016-02-25 21:26:24 -0300
Processing by IssuesController#index as HTML
  [1m[36mIssue Load (0.2ms)[0m  [1mSELECT "issues".* FROM "issues"[0m
  Rendered issues/index.html.erb within layouts/application (6.9ms)
Completed 200 OK in 31ms (Views: 29.7ms | ActiveRecord: 0.2ms)


Started GET "/issues" for ::1 at 2016-02-25 21:26:29 -0300
Processing by IssuesController#index as HTML
  [1m[35mIssue Load (0.3ms)[0m  SELECT "issues".* FROM "issues"
  Rendered issues/index.html.erb within layouts/application (6.4ms)
Completed 200 OK in 29ms (Views: 27.7ms | ActiveRecord: 0.3ms)


Started GET "/issues" for ::1 at 2016-02-25 21:26:56 -0300
Processing by IssuesController#index as HTML
  [1m[36mIssue Load (0.3ms)[0m  [1mSELECT "issues".* FROM "issues"[0m
  Rendered issues/index.html.erb within layouts/application (8.3ms)
Completed 200 OK in 34ms (Views: 32.0ms | ActiveRecord: 0.3ms)


Started GET "/issues" for ::1 at 2016-02-25 21:27:20 -0300
Processing by IssuesController#index as HTML
  [1m[35mIssue Load (0.3ms)[0m  SELECT "issues".* FROM "issues"
  Rendered issues/index.html.erb within layouts/application (13.4ms)
Completed 200 OK in 35ms (Views: 33.8ms | ActiveRecord: 0.3ms)


Started GET "/issues" for ::1 at 2016-02-25 21:27:45 -0300
Processing by IssuesController#index as HTML
  [1m[36mIssue Load (0.3ms)[0m  [1mSELECT "issues".* FROM "issues"[0m
  Rendered issues/index.html.erb within layouts/application (8.7ms)
Completed 200 OK in 151ms (Views: 149.2ms | ActiveRecord: 0.3ms)


Started GET "/issues" for ::1 at 2016-02-25 21:27:54 -0300
Processing by IssuesController#index as HTML
  [1m[35mIssue Load (0.3ms)[0m  SELECT "issues".* FROM "issues"
  Rendered issues/index.html.erb within layouts/application (6.1ms)
Completed 200 OK in 31ms (Views: 29.6ms | ActiveRecord: 0.3ms)


Started GET "/issues" for ::1 at 2016-02-25 21:28:09 -0300
Processing by IssuesController#index as HTML
  [1m[36mIssue Load (0.3ms)[0m  [1mSELECT "issues".* FROM "issues"[0m
  Rendered issues/index.html.erb within layouts/application (6.6ms)
Completed 200 OK in 29ms (Views: 27.3ms | ActiveRecord: 0.3ms)


Started GET "/issues" for ::1 at 2016-02-25 21:28:47 -0300
Processing by IssuesController#index as HTML
  [1m[35mIssue Load (0.3ms)[0m  SELECT "issues".* FROM "issues"
  Rendered issues/index.html.erb within layouts/application (22.1ms)
Completed 200 OK in 97ms (Views: 96.1ms | ActiveRecord: 0.3ms)


Started GET "/issues" for ::1 at 2016-02-25 21:28:54 -0300
Processing by IssuesController#index as HTML
  [1m[36mIssue Load (0.3ms)[0m  [1mSELECT "issues".* FROM "issues"[0m
  Rendered issues/index.html.erb within layouts/application (6.7ms)
Completed 200 OK in 27ms (Views: 25.4ms | ActiveRecord: 0.3ms)


Started GET "/issues" for ::1 at 2016-02-25 21:29:12 -0300
Processing by IssuesController#index as HTML
  [1m[35mIssue Load (0.2ms)[0m  SELECT "issues".* FROM "issues"
  Rendered issues/index.html.erb within layouts/application (5.3ms)
Completed 200 OK in 24ms (Views: 23.0ms | ActiveRecord: 0.2ms)


Started GET "/issues" for ::1 at 2016-02-25 21:29:48 -0300
Processing by IssuesController#index as HTML
  [1m[36mIssue Load (0.3ms)[0m  [1mSELECT "issues".* FROM "issues"[0m
  Rendered issues/index.html.erb within layouts/application (9.6ms)
Completed 200 OK in 31ms (Views: 29.2ms | ActiveRecord: 0.3ms)


Started GET "/issues" for ::1 at 2016-02-25 21:30:13 -0300
Processing by IssuesController#index as HTML
  [1m[35mIssue Load (0.3ms)[0m  SELECT "issues".* FROM "issues"
  Rendered issues/index.html.erb within layouts/application (5.4ms)
Completed 200 OK in 26ms (Views: 24.9ms | ActiveRecord: 0.3ms)


Started GET "/issues" for ::1 at 2016-02-25 21:30:25 -0300
Processing by IssuesController#index as HTML
  [1m[36mIssue Load (0.2ms)[0m  [1mSELECT "issues".* FROM "issues"[0m
  Rendered issues/index.html.erb within layouts/application (5.0ms)
Completed 200 OK in 24ms (Views: 22.7ms | ActiveRecord: 0.2ms)


Started GET "/assets/scaffolds.self-7e0c0bf5e3a1998fec1f4a3d125e51c6ee06f231773653b8a536d87be3a2c286.css?body=1" for ::1 at 2016-02-25 21:30:25 -0300


Started GET "/assets/issues.self-e3b0c44298fc1c149afbf4c8996fb92427ae41e4649b934ca495991b7852b855.css?body=1" for ::1 at 2016-02-25 21:30:25 -0300


Started GET "/assets/application.self-554c36b8a85110c7ea752df766962863c19256e8b4ac6343194d9a4c63c0ea5c.css?body=1" for ::1 at 2016-02-25 21:30:25 -0300


Started GET "/assets/jquery.self-c64a74367bda6ef8b860f19e74df08927ca99d2be2ac934e9e92d5fd361e0da4.js?body=1" for ::1 at 2016-02-25 21:30:25 -0300


Started GET "/assets/jquery_ujs.self-d602bdfe68ffc63b9f9cc512872aa3cfff046228a0a36e90dd476e8ef54c1b09.js?body=1" for ::1 at 2016-02-25 21:30:25 -0300


Started GET "/assets/turbolinks.self-c37727e9bd6b2735da5c311aa83fead54ed0be6cc8bd9a65309e9c5abe2cbfff.js?body=1" for ::1 at 2016-02-25 21:30:25 -0300


Started GET "/assets/issues.self-877aef30ae1b040ab8a3aba4e3e309a11d7f2612f44dde450b5c157aa5f95c05.js?body=1" for ::1 at 2016-02-25 21:30:25 -0300


Started GET "/assets/application.self-3b8dabdc891efe46b9a144b400ad69e37d7e5876bdc39dee783419a69d7ca819.js?body=1" for ::1 at 2016-02-25 21:30:25 -0300


Started GET "/issues" for ::1 at 2016-02-25 21:30:31 -0300
Processing by IssuesController#index as HTML
  [1m[35mIssue Load (0.3ms)[0m  SELECT "issues".* FROM "issues"
  Rendered issues/index.html.erb within layouts/application (7.0ms)
Completed 200 OK in 29ms (Views: 27.4ms | ActiveRecord: 0.3ms)


Started GET "/issues/3/edit" for ::1 at 2016-02-25 21:34:14 -0300
Processing by IssuesController#edit as HTML
  Parameters: {"id"=>"3"}
  [1m[36mIssue Load (0.1ms)[0m  [1mSELECT  "issues".* FROM "issues" WHERE "issues"."id" = ? LIMIT 1[0m  [["id", 3]]
  Rendered issues/_form.html.erb (4.5ms)
  Rendered issues/edit.html.erb within layouts/application (16.1ms)
Completed 200 OK in 354ms (Views: 352.4ms | ActiveRecord: 0.1ms)


Started PATCH "/issues/3" for ::1 at 2016-02-25 21:34:26 -0300
Processing by IssuesController#update as HTML
  Parameters: {"utf8"=>"✓", "authenticity_token"=>"I29QXd4lUiNTClXRXJmADCJ29/e8AhNNjuKVV+haLjCGU2/Amfsy4OE7qE4YaBwlEdCwGXk+shFL52P2DnHoYw==", "issue"=>{"title"=>"Terreno abandonado", "address"=>"Rua 3, 45, santo antonio", "picture"=>#<ActionDispatch::Http::UploadedFile:0x007fbf8966ec20 @tempfile=#<Tempfile:/var/folders/zz/zyxvpxvq6csfxvn_n0000000000000/T/RackMultipart20160225-928-92dh9y.jpg>, @original_filename="geladeira-4.jpg", @content_type="image/jpeg", @headers="Content-Disposition: form-data; name=\"issue[picture]\"; filename=\"geladeira-4.jpg\"\r\nContent-Type: image/jpeg\r\n">, "description"=>"muinfiqufbq"}, "commit"=>"Salvar", "id"=>"3"}
  [1m[35mIssue Load (0.2ms)[0m  SELECT  "issues".* FROM "issues" WHERE "issues"."id" = ? LIMIT 1  [["id", 3]]
  [1m[36m (0.1ms)[0m  [1mbegin transaction[0m
  [1m[35mIssue Load (0.1ms)[0m  SELECT  "issues".* FROM "issues" WHERE "issues"."id" = ? LIMIT 1  [["id", 3]]
  [1m[36mSQL (0.4ms)[0m  [1mUPDATE "issues" SET "picture" = ?, "updated_at" = ? WHERE "issues"."id" = ?[0m  [["picture", "geladeira-4.jpg"], ["updated_at", "2016-02-26 00:34:26.661822"], ["id", 3]]
  [1m[35m (2.5ms)[0m  commit transaction
Redirected to http://localhost:3000/issues/3
Completed 302 Found in 14ms (ActiveRecord: 3.4ms)


Started GET "/issues/3" for ::1 at 2016-02-25 21:34:26 -0300
Processing by IssuesController#show as HTML
  Parameters: {"id"=>"3"}
  [1m[36mIssue Load (0.2ms)[0m  [1mSELECT  "issues".* FROM "issues" WHERE "issues"."id" = ? LIMIT 1[0m  [["id", 3]]
  Rendered issues/show.html.erb within layouts/application (2.0ms)
Completed 200 OK in 80ms (Views: 78.3ms | ActiveRecord: 0.2ms)


Started GET "/issues" for ::1 at 2016-02-25 21:34:29 -0300
Processing by IssuesController#index as HTML
  [1m[35mIssue Load (0.3ms)[0m  SELECT "issues".* FROM "issues"
  Rendered issues/index.html.erb within layouts/application (6.2ms)
Completed 200 OK in 43ms (Views: 41.3ms | ActiveRecord: 0.3ms)


Started GET "/issues/2/edit" for ::1 at 2016-02-25 21:34:44 -0300
Processing by IssuesController#edit as HTML
  Parameters: {"id"=>"2"}
  [1m[36mIssue Load (0.2ms)[0m  [1mSELECT  "issues".* FROM "issues" WHERE "issues"."id" = ? LIMIT 1[0m  [["id", 2]]
  Rendered issues/_form.html.erb (4.1ms)
  Rendered issues/edit.html.erb within layouts/application (16.0ms)
Completed 200 OK in 104ms (Views: 101.8ms | ActiveRecord: 0.2ms)


Started PATCH "/issues/2" for ::1 at 2016-02-25 21:34:56 -0300
Processing by IssuesController#update as HTML
  Parameters: {"utf8"=>"✓", "authenticity_token"=>"3W8hhfHRaAIhpjdVz0jnYDkLxuJaTfcYhuMzbZB7wmx4Ux4Ytg8IwZOXysqLuXtJCq2BDJ9xVkRD5sXMdlAEPw==", "issue"=>{"title"=>"Foco de mosquito", "address"=>"Rua 3, 45, santo antonio", "picture"=>#<ActionDispatch::Http::UploadedFile:0x007fbf8a2a1e20 @tempfile=#<Tempfile:/var/folders/zz/zyxvpxvq6csfxvn_n0000000000000/T/RackMultipart20160225-928-16522bi.jpg>, @original_filename="geladeira-2.jpg", @content_type="image/jpeg", @headers="Content-Disposition: form-data; name=\"issue[picture]\"; filename=\"geladeira-2.jpg\"\r\nContent-Type: image/jpeg\r\n">, "description"=>"Muita sujeira na rua."}, "commit"=>"Salvar", "id"=>"2"}
  [1m[35mIssue Load (0.2ms)[0m  SELECT  "issues".* FROM "issues" WHERE "issues"."id" = ? LIMIT 1  [["id", 2]]
  [1m[36m (0.1ms)[0m  [1mbegin transaction[0m
  [1m[35mIssue Load (0.1ms)[0m  SELECT  "issues".* FROM "issues" WHERE "issues"."id" = ? LIMIT 1  [["id", 2]]
  [1m[36mSQL (0.4ms)[0m  [1mUPDATE "issues" SET "picture" = ?, "updated_at" = ? WHERE "issues"."id" = ?[0m  [["picture", "geladeira-2.jpg"], ["updated_at", "2016-02-26 00:34:56.560707"], ["id", 2]]
  [1m[35m (2.8ms)[0m  commit transaction
Redirected to http://localhost:3000/issues/2
Completed 302 Found in 14ms (ActiveRecord: 3.5ms)


Started GET "/issues/2" for ::1 at 2016-02-25 21:34:56 -0300
Processing by IssuesController#show as HTML
  Parameters: {"id"=>"2"}
  [1m[36mIssue Load (0.2ms)[0m  [1mSELECT  "issues".* FROM "issues" WHERE "issues"."id" = ? LIMIT 1[0m  [["id", 2]]
  Rendered issues/show.html.erb within layouts/application (1.3ms)
Completed 200 OK in 37ms (Views: 35.9ms | ActiveRecord: 0.2ms)


Started GET "/issues" for ::1 at 2016-02-25 21:41:14 -0300
Processing by IssuesController#index as HTML
  [1m[35mIssue Load (0.2ms)[0m  SELECT "issues".* FROM "issues"
  Rendered issues/index.html.erb within layouts/application (3.7ms)
Completed 200 OK in 141ms (Views: 139.5ms | ActiveRecord: 0.2ms)


Started GET "/issues" for ::1 at 2016-02-25 23:20:08 -0300
  [1m[36mActiveRecord::SchemaMigration Load (0.7ms)[0m  [1mSELECT "schema_migrations".* FROM "schema_migrations"[0m
Processing by IssuesController#index as HTML
  [1m[35mIssue Load (0.8ms)[0m  SELECT "issues".* FROM "issues"
  Rendered issues/index.html.erb within layouts/application (19.6ms)
Completed 200 OK in 965ms (Views: 917.9ms | ActiveRecord: 1.3ms)
